[0.530s] Invoking command in '/workspace/practica_2/ros2_ws/build/turtlebot3_example': AMENT_PREFIX_PATH=/workspace/practica_2/ros2_ws/install/turtlebot3_msgs:${AMENT_PREFIX_PATH} CMAKE_PREFIX_PATH=/workspace/practica_2/ros2_ws/install/turtlebot3_msgs LD_LIBRARY_PATH=/workspace/practica_2/ros2_ws/install/turtlebot3_msgs/lib:${LD_LIBRARY_PATH} PYTHONPATH=/workspace/practica_2/ros2_ws/build/turtlebot3_example/prefix_override:/usr/lib/python3/dist-packages/colcon_core/task/python/colcon_distutils_commands:/workspace/practica_2/ros2_ws/install/turtlebot3_example/lib/python3.10/site-packages:/workspace/practica_2/ros2_ws/install/turtlebot3_msgs/local/lib/python3.10/dist-packages:${PYTHONPATH} /usr/bin/python3 -W ignore:setup.py install is deprecated -W ignore:easy_install command is deprecated setup.py develop --editable --build-directory /workspace/practica_2/ros2_ws/build/turtlebot3_example/build --no-deps symlink_data
[0.739s] running develop
[0.863s] running egg_info
[0.863s] writing turtlebot3_example.egg-info/PKG-INFO
[0.863s] writing dependency_links to turtlebot3_example.egg-info/dependency_links.txt
[0.863s] writing entry points to turtlebot3_example.egg-info/entry_points.txt
[0.863s] writing requirements to turtlebot3_example.egg-info/requires.txt
[0.864s] writing top-level names to turtlebot3_example.egg-info/top_level.txt
[0.866s] reading manifest file 'turtlebot3_example.egg-info/SOURCES.txt'
[0.866s] writing manifest file 'turtlebot3_example.egg-info/SOURCES.txt'
[0.867s] running build_ext
[0.868s] Creating /workspace/practica_2/ros2_ws/install/turtlebot3_example/lib/python3.10/site-packages/turtlebot3-example.egg-link (link to .)
[0.868s] Installing turtlebot3_absolute_move script to /workspace/practica_2/ros2_ws/install/turtlebot3_example/lib/turtlebot3_example
[0.868s] Installing turtlebot3_interactive_marker script to /workspace/practica_2/ros2_ws/install/turtlebot3_example/lib/turtlebot3_example
[0.869s] Installing turtlebot3_obstacle_detection script to /workspace/practica_2/ros2_ws/install/turtlebot3_example/lib/turtlebot3_example
[0.869s] Installing turtlebot3_patrol_client script to /workspace/practica_2/ros2_ws/install/turtlebot3_example/lib/turtlebot3_example
[0.869s] Installing turtlebot3_patrol_server script to /workspace/practica_2/ros2_ws/install/turtlebot3_example/lib/turtlebot3_example
[0.869s] Installing turtlebot3_relative_move script to /workspace/practica_2/ros2_ws/install/turtlebot3_example/lib/turtlebot3_example
[0.869s] 
[0.869s] Installed /workspace/practica_2/ros2_ws/build/turtlebot3_example
[0.870s] running symlink_data
[0.893s] Invoked command in '/workspace/practica_2/ros2_ws/build/turtlebot3_example' returned '0': AMENT_PREFIX_PATH=/workspace/practica_2/ros2_ws/install/turtlebot3_msgs:${AMENT_PREFIX_PATH} CMAKE_PREFIX_PATH=/workspace/practica_2/ros2_ws/install/turtlebot3_msgs LD_LIBRARY_PATH=/workspace/practica_2/ros2_ws/install/turtlebot3_msgs/lib:${LD_LIBRARY_PATH} PYTHONPATH=/workspace/practica_2/ros2_ws/build/turtlebot3_example/prefix_override:/usr/lib/python3/dist-packages/colcon_core/task/python/colcon_distutils_commands:/workspace/practica_2/ros2_ws/install/turtlebot3_example/lib/python3.10/site-packages:/workspace/practica_2/ros2_ws/install/turtlebot3_msgs/local/lib/python3.10/dist-packages:${PYTHONPATH} /usr/bin/python3 -W ignore:setup.py install is deprecated -W ignore:easy_install command is deprecated setup.py develop --editable --build-directory /workspace/practica_2/ros2_ws/build/turtlebot3_example/build --no-deps symlink_data
