[0.017s] Invoking command in '/workspace/practica_2/ros2_ws/build/turtlebot3_simulations': AMENT_PREFIX_PATH=/workspace/practica_2/ros2_ws/install/turtlebot3_fake_node:/workspace/practica_2/ros2_ws/install/turtlebot3_msgs:/workspace/practica_2/ros2_ws/install/turtlebot3_manipulation_gazebo:/workspace/practica_2/ros2_ws/install/turtlebot3_gazebo:${AMENT_PREFIX_PATH} CMAKE_PREFIX_PATH=/workspace/practica_2/ros2_ws/install/turtlebot3_fake_node:/workspace/practica_2/ros2_ws/install/turtlebot3_msgs:/workspace/practica_2/ros2_ws/install/turtlebot3_manipulation_gazebo:/workspace/practica_2/ros2_ws/install/turtlebot3_gazebo:/opt/ros/humble LD_LIBRARY_PATH=/workspace/practica_2/ros2_ws/install/turtlebot3_msgs/lib:${LD_LIBRARY_PATH} PYTHONPATH=/workspace/practica_2/ros2_ws/install/turtlebot3_msgs/local/lib/python3.10/dist-packages:${PYTHONPATH} /usr/bin/cmake /workspace/practica_2/ros2_ws/src/turtlebot3_simulations/turtlebot3_simulations -DAMENT_CMAKE_SYMLINK_INSTALL=1 -DCMAKE_INSTALL_PREFIX=/workspace/practica_2/ros2_ws/install/turtlebot3_simulations
[0.083s] -- The C compiler identification is GNU 11.4.0
[0.139s] -- The CXX compiler identification is GNU 11.4.0
[0.147s] -- Detecting C compiler ABI info
[0.217s] -- Detecting C compiler ABI info - done
[0.224s] -- Check for working C compiler: /usr/bin/cc - skipped
[0.224s] -- Detecting C compile features
[0.224s] -- Detecting C compile features - done
[0.228s] -- Detecting CXX compiler ABI info
[0.306s] -- Detecting CXX compiler ABI info - done
[0.314s] -- Check for working CXX compiler: /usr/bin/c++ - skipped
[0.314s] -- Detecting CXX compile features
[0.314s] -- Detecting CXX compile features - done
[0.320s] -- Found ament_cmake: 1.3.14 (/opt/ros/humble/share/ament_cmake/cmake)
[0.480s] -- Found Python3: /usr/bin/python3 (found version "3.10.12") found components: Interpreter 
[0.541s] -- Override CMake install command with custom implementation using symlinks instead of copying resources
[0.639s] -- Configuring done
[0.643s] -- Generating done
[0.645s] -- Build files have been written to: /workspace/practica_2/ros2_ws/build/turtlebot3_simulations
[0.649s] Invoked command in '/workspace/practica_2/ros2_ws/build/turtlebot3_simulations' returned '0': AMENT_PREFIX_PATH=/workspace/practica_2/ros2_ws/install/turtlebot3_fake_node:/workspace/practica_2/ros2_ws/install/turtlebot3_msgs:/workspace/practica_2/ros2_ws/install/turtlebot3_manipulation_gazebo:/workspace/practica_2/ros2_ws/install/turtlebot3_gazebo:${AMENT_PREFIX_PATH} CMAKE_PREFIX_PATH=/workspace/practica_2/ros2_ws/install/turtlebot3_fake_node:/workspace/practica_2/ros2_ws/install/turtlebot3_msgs:/workspace/practica_2/ros2_ws/install/turtlebot3_manipulation_gazebo:/workspace/practica_2/ros2_ws/install/turtlebot3_gazebo:/opt/ros/humble LD_LIBRARY_PATH=/workspace/practica_2/ros2_ws/install/turtlebot3_msgs/lib:${LD_LIBRARY_PATH} PYTHONPATH=/workspace/practica_2/ros2_ws/install/turtlebot3_msgs/local/lib/python3.10/dist-packages:${PYTHONPATH} /usr/bin/cmake /workspace/practica_2/ros2_ws/src/turtlebot3_simulations/turtlebot3_simulations -DAMENT_CMAKE_SYMLINK_INSTALL=1 -DCMAKE_INSTALL_PREFIX=/workspace/practica_2/ros2_ws/install/turtlebot3_simulations
[0.650s] Invoking command in '/workspace/practica_2/ros2_ws/build/turtlebot3_simulations': AMENT_PREFIX_PATH=/workspace/practica_2/ros2_ws/install/turtlebot3_fake_node:/workspace/practica_2/ros2_ws/install/turtlebot3_msgs:/workspace/practica_2/ros2_ws/install/turtlebot3_manipulation_gazebo:/workspace/practica_2/ros2_ws/install/turtlebot3_gazebo:${AMENT_PREFIX_PATH} CMAKE_PREFIX_PATH=/workspace/practica_2/ros2_ws/install/turtlebot3_fake_node:/workspace/practica_2/ros2_ws/install/turtlebot3_msgs:/workspace/practica_2/ros2_ws/install/turtlebot3_manipulation_gazebo:/workspace/practica_2/ros2_ws/install/turtlebot3_gazebo:/opt/ros/humble LD_LIBRARY_PATH=/workspace/practica_2/ros2_ws/install/turtlebot3_msgs/lib:${LD_LIBRARY_PATH} PYTHONPATH=/workspace/practica_2/ros2_ws/install/turtlebot3_msgs/local/lib/python3.10/dist-packages:${PYTHONPATH} /usr/bin/cmake --build /workspace/practica_2/ros2_ws/build/turtlebot3_simulations -- -j16 -l16
[0.685s] Invoked command in '/workspace/practica_2/ros2_ws/build/turtlebot3_simulations' returned '0': AMENT_PREFIX_PATH=/workspace/practica_2/ros2_ws/install/turtlebot3_fake_node:/workspace/practica_2/ros2_ws/install/turtlebot3_msgs:/workspace/practica_2/ros2_ws/install/turtlebot3_manipulation_gazebo:/workspace/practica_2/ros2_ws/install/turtlebot3_gazebo:${AMENT_PREFIX_PATH} CMAKE_PREFIX_PATH=/workspace/practica_2/ros2_ws/install/turtlebot3_fake_node:/workspace/practica_2/ros2_ws/install/turtlebot3_msgs:/workspace/practica_2/ros2_ws/install/turtlebot3_manipulation_gazebo:/workspace/practica_2/ros2_ws/install/turtlebot3_gazebo:/opt/ros/humble LD_LIBRARY_PATH=/workspace/practica_2/ros2_ws/install/turtlebot3_msgs/lib:${LD_LIBRARY_PATH} PYTHONPATH=/workspace/practica_2/ros2_ws/install/turtlebot3_msgs/local/lib/python3.10/dist-packages:${PYTHONPATH} /usr/bin/cmake --build /workspace/practica_2/ros2_ws/build/turtlebot3_simulations -- -j16 -l16
[0.687s] Invoking command in '/workspace/practica_2/ros2_ws/build/turtlebot3_simulations': AMENT_PREFIX_PATH=/workspace/practica_2/ros2_ws/install/turtlebot3_fake_node:/workspace/practica_2/ros2_ws/install/turtlebot3_msgs:/workspace/practica_2/ros2_ws/install/turtlebot3_manipulation_gazebo:/workspace/practica_2/ros2_ws/install/turtlebot3_gazebo:${AMENT_PREFIX_PATH} CMAKE_PREFIX_PATH=/workspace/practica_2/ros2_ws/install/turtlebot3_fake_node:/workspace/practica_2/ros2_ws/install/turtlebot3_msgs:/workspace/practica_2/ros2_ws/install/turtlebot3_manipulation_gazebo:/workspace/practica_2/ros2_ws/install/turtlebot3_gazebo:/opt/ros/humble LD_LIBRARY_PATH=/workspace/practica_2/ros2_ws/install/turtlebot3_msgs/lib:${LD_LIBRARY_PATH} PYTHONPATH=/workspace/practica_2/ros2_ws/install/turtlebot3_msgs/local/lib/python3.10/dist-packages:${PYTHONPATH} /usr/bin/cmake --install /workspace/practica_2/ros2_ws/build/turtlebot3_simulations
[0.693s] -- Install configuration: ""
[0.693s] -- Execute custom install script
[0.694s] -- Symlinking: /workspace/practica_2/ros2_ws/install/turtlebot3_simulations/share/ament_index/resource_index/package_run_dependencies/turtlebot3_simulations
[0.702s] -- Symlinking: /workspace/practica_2/ros2_ws/install/turtlebot3_simulations/share/ament_index/resource_index/parent_prefix_path/turtlebot3_simulations
[0.711s] -- Symlinking: /workspace/practica_2/ros2_ws/install/turtlebot3_simulations/share/turtlebot3_simulations/environment/ament_prefix_path.sh
[0.719s] -- Symlinking: /workspace/practica_2/ros2_ws/install/turtlebot3_simulations/share/turtlebot3_simulations/environment/ament_prefix_path.dsv
[0.728s] -- Symlinking: /workspace/practica_2/ros2_ws/install/turtlebot3_simulations/share/turtlebot3_simulations/environment/path.sh
[0.736s] -- Symlinking: /workspace/practica_2/ros2_ws/install/turtlebot3_simulations/share/turtlebot3_simulations/environment/path.dsv
[0.744s] -- Symlinking: /workspace/practica_2/ros2_ws/install/turtlebot3_simulations/share/turtlebot3_simulations/local_setup.bash
[0.754s] -- Symlinking: /workspace/practica_2/ros2_ws/install/turtlebot3_simulations/share/turtlebot3_simulations/local_setup.sh
[0.762s] -- Symlinking: /workspace/practica_2/ros2_ws/install/turtlebot3_simulations/share/turtlebot3_simulations/local_setup.zsh
[0.770s] -- Symlinking: /workspace/practica_2/ros2_ws/install/turtlebot3_simulations/share/turtlebot3_simulations/local_setup.dsv
[0.778s] -- Symlinking: /workspace/practica_2/ros2_ws/install/turtlebot3_simulations/share/turtlebot3_simulations/package.dsv
[0.786s] -- Symlinking: /workspace/practica_2/ros2_ws/install/turtlebot3_simulations/share/ament_index/resource_index/packages/turtlebot3_simulations
[0.794s] -- Symlinking: /workspace/practica_2/ros2_ws/install/turtlebot3_simulations/share/turtlebot3_simulations/cmake/turtlebot3_simulationsConfig.cmake
[0.802s] -- Symlinking: /workspace/practica_2/ros2_ws/install/turtlebot3_simulations/share/turtlebot3_simulations/cmake/turtlebot3_simulationsConfig-version.cmake
[0.810s] -- Symlinking: /workspace/practica_2/ros2_ws/install/turtlebot3_simulations/share/turtlebot3_simulations/package.xml
[0.820s] Invoked command in '/workspace/practica_2/ros2_ws/build/turtlebot3_simulations' returned '0': AMENT_PREFIX_PATH=/workspace/practica_2/ros2_ws/install/turtlebot3_fake_node:/workspace/practica_2/ros2_ws/install/turtlebot3_msgs:/workspace/practica_2/ros2_ws/install/turtlebot3_manipulation_gazebo:/workspace/practica_2/ros2_ws/install/turtlebot3_gazebo:${AMENT_PREFIX_PATH} CMAKE_PREFIX_PATH=/workspace/practica_2/ros2_ws/install/turtlebot3_fake_node:/workspace/practica_2/ros2_ws/install/turtlebot3_msgs:/workspace/practica_2/ros2_ws/install/turtlebot3_manipulation_gazebo:/workspace/practica_2/ros2_ws/install/turtlebot3_gazebo:/opt/ros/humble LD_LIBRARY_PATH=/workspace/practica_2/ros2_ws/install/turtlebot3_msgs/lib:${LD_LIBRARY_PATH} PYTHONPATH=/workspace/practica_2/ros2_ws/install/turtlebot3_msgs/local/lib/python3.10/dist-packages:${PYTHONPATH} /usr/bin/cmake --install /workspace/practica_2/ros2_ws/build/turtlebot3_simulations
