[0.033s] Invoking command in '/workspace/practica_2/ros2_ws/build/turtlebot3_gazebo': CMAKE_PREFIX_PATH=/opt/ros/humble /usr/bin/cmake /workspace/practica_2/ros2_ws/src/turtlebot3_simulations/turtlebot3_gazebo -DAMENT_CMAKE_SYMLINK_INSTALL=1 -DCMAKE_INSTALL_PREFIX=/workspace/practica_2/ros2_ws/install/turtlebot3_gazebo
[0.256s] -- The C compiler identification is GNU 11.4.0
[0.383s] -- The CXX compiler identification is GNU 11.4.0
[0.399s] -- Detecting C compiler ABI info
[0.491s] -- Detecting C compiler ABI info - done
[0.498s] -- Check for working C compiler: /usr/bin/cc - skipped
[0.499s] -- Detecting C compile features
[0.499s] -- Detecting C compile features - done
[0.501s] -- Detecting CXX compiler ABI info
[0.575s] -- Detecting CXX compiler ABI info - done
[0.581s] -- Check for working CXX compiler: /usr/bin/c++ - skipped
[0.581s] -- Detecting CXX compile features
[0.581s] -- Detecting CXX compile features - done
[0.601s] -- Found ament_cmake: 1.3.14 (/opt/ros/humble/share/ament_cmake/cmake)
[0.749s] -- Found Python3: /usr/bin/python3 (found version "3.10.12") found components: Interpreter 
[0.820s] -- Override CMake install command with custom implementation using symlinks instead of copying resources
[0.911s] [33mCMake Warning (dev) at /usr/share/cmake-3.22/Modules/FindPackageHandleStandardArgs.cmake:438 (message):
[0.911s]   The package name passed to `find_package_handle_standard_args` (PkgConfig)
[0.911s]   does not match the name of the calling package (gazebo).  This can lead to
[0.911s]   problems in calling code that expects `find_package` result variables
[0.911s]   (e.g., `_FOUND`) to follow a certain pattern.
[0.911s] Call Stack (most recent call first):
[0.911s]   /usr/share/cmake-3.22/Modules/FindPkgConfig.cmake:99 (find_package_handle_standard_args)
[0.911s]   /usr/lib/x86_64-linux-gnu/cmake/gazebo/gazebo-config.cmake:72 (include)
[0.911s]   CMakeLists.txt:23 (find_package)
[0.911s] This warning is for project developers.  Use -Wno-dev to suppress it.
[0.911s] [0m
[0.911s] -- Found PkgConfig: /usr/bin/pkg-config (found version "0.29.2") 
[0.915s] -- Checking for module 'bullet>=2.82'
[0.936s] --   Found bullet, version 3.05
[1.064s] -- Found fcl: /usr/include (found suitable version "0.7.0", minimum required is "0.5.0") 
[1.118s] -- Found assimp: /usr/include (found version "5.2.0") 
[1.164s] -- Found DART: /usr/include (Required is at least version "6.6") found components: dart 
[1.357s] -- Found Boost: /usr/lib/x86_64-linux-gnu/cmake/Boost-1.74.0/BoostConfig.cmake (found suitable version "1.74.0", minimum required is "1.40.0") found components: thread system filesystem program_options regex iostreams date_time 
[1.382s] -- Found Protobuf: /usr/lib/x86_64-linux-gnu/libprotobuf.so (found version "3.12.4") 
[1.391s] -- Looking for ignition-math6 -- found version 6.15.1
[1.405s] -- Searching for dependencies of ignition-math6
[1.409s] -- Looking for OGRE...
[1.409s] -- OGRE_PREFIX_WATCH changed.
[1.414s] -- Checking for module 'OGRE'
[1.424s] --   Found OGRE, version 1.9.0
[1.453s] -- Found Ogre Ghadamon (1.9.0)
[1.463s] -- Found OGRE: optimized;/usr/lib/x86_64-linux-gnu/libOgreMain.so;debug;/usr/lib/x86_64-linux-gnu/libOgreMain.so
[1.473s] -- Looking for OGRE_Paging...
[1.476s] -- Found OGRE_Paging: optimized;/usr/lib/x86_64-linux-gnu/libOgrePaging.so;debug;/usr/lib/x86_64-linux-gnu/libOgrePaging.so
[1.476s] -- Looking for OGRE_Terrain...
[1.480s] -- Found OGRE_Terrain: optimized;/usr/lib/x86_64-linux-gnu/libOgreTerrain.so;debug;/usr/lib/x86_64-linux-gnu/libOgreTerrain.so
[1.480s] -- Looking for OGRE_Property...
[1.483s] -- Found OGRE_Property: optimized;/usr/lib/x86_64-linux-gnu/libOgreProperty.so;debug;/usr/lib/x86_64-linux-gnu/libOgreProperty.so
[1.483s] -- Looking for OGRE_RTShaderSystem...
[1.487s] -- Found OGRE_RTShaderSystem: optimized;/usr/lib/x86_64-linux-gnu/libOgreRTShaderSystem.so;debug;/usr/lib/x86_64-linux-gnu/libOgreRTShaderSystem.so
[1.487s] -- Looking for OGRE_Volume...
[1.490s] -- Found OGRE_Volume: optimized;/usr/lib/x86_64-linux-gnu/libOgreVolume.so;debug;/usr/lib/x86_64-linux-gnu/libOgreVolume.so
[1.490s] -- Looking for OGRE_Overlay...
[1.493s] -- Found OGRE_Overlay: optimized;/usr/lib/x86_64-linux-gnu/libOgreOverlay.so;debug;/usr/lib/x86_64-linux-gnu/libOgreOverlay.so
[1.572s] -- Looking for ignition-math6 -- found version 6.15.1
[1.576s] -- Looking for ignition-transport8 -- found version 8.2.1
[1.577s] -- Searching for dependencies of ignition-transport8
[1.599s] -- Found Protobuf: /usr/lib/x86_64-linux-gnu/libprotobuf.so (found suitable version "3.12.4", minimum required is "3") 
[1.615s] -- Config-file not installed for ZeroMQ -- checking for pkg-config
[1.619s] -- Checking for module 'libzmq >= 4'
[1.635s] --   Found libzmq , version 4.3.4
[1.666s] -- Found ZeroMQ: TRUE (Required is at least version "4") 
[1.672s] -- Checking for module 'uuid'
[1.683s] --   Found uuid, version 2.37.2
[1.711s] -- Found UUID: TRUE  
[1.715s] -- Looking for ignition-msgs5 -- found version 5.8.1
[1.716s] -- Searching for dependencies of ignition-msgs5
[1.738s] -- Looking for ignition-math6 -- found version 6.15.1
[1.743s] -- Checking for module 'tinyxml2'
[1.754s] --   Found tinyxml2, version 9.0.0
[1.786s] -- Looking for ignition-msgs5 -- found version 5.8.1
[1.790s] -- Looking for ignition-common3 -- found version 3.14.0
[1.790s] -- Searching for dependencies of ignition-common3
[1.791s] -- Looking for dlfcn.h - found
[1.791s] -- Looking for libdl - found
[1.792s] -- Found DL: TRUE  
[1.805s] -- Found tinyobjloader: /usr/lib/x86_64-linux-gnu/cmake/tinyobjloader/tinyobjloader-config.cmake (found version "2.0.0") 
[1.806s] -- Searching for <ignition-common3> component [graphics]
[1.810s] -- Looking for ignition-common3-graphics -- found version 3.14.0
[1.811s] -- Searching for dependencies of ignition-common3-graphics
[1.811s] -- Looking for ignition-math6 -- found version 6.15.1
[1.816s] -- Looking for ignition-fuel_tools4 -- found version 4.4.0
[1.816s] -- Searching for dependencies of ignition-fuel_tools4
[1.888s] -- Found CURL: /usr/lib/x86_64-linux-gnu/libcurl.so (found version "7.81.0")  
[1.900s] -- Checking for module 'jsoncpp'
[1.912s] --   Found jsoncpp, version 1.9.5
[1.939s] -- Found JSONCPP: TRUE  
[1.946s] -- Checking for module 'libzip'
[1.956s] --   Found libzip, version 1.7.3
[1.984s] -- Found ZIP: TRUE  
[1.984s] -- Looking for ignition-common3 -- found version 3.14.0
[1.985s] -- Looking for ignition-math6 -- found version 6.15.1
[1.985s] -- Looking for ignition-msgs5 -- found version 5.8.1
[1.995s] -- Found gazebo_ros_pkgs: 3.9.0 (/opt/ros/humble/share/gazebo_ros_pkgs/cmake)
[1.997s] -- Found geometry_msgs: 4.9.1 (/opt/ros/humble/share/geometry_msgs/cmake)
[2.030s] -- Found rosidl_generator_c: 3.1.8 (/opt/ros/humble/share/rosidl_generator_c/cmake)
[2.035s] -- Found rosidl_adapter: 3.1.8 (/opt/ros/humble/share/rosidl_adapter/cmake)
[2.044s] -- Found rosidl_generator_cpp: 3.1.8 (/opt/ros/humble/share/rosidl_generator_cpp/cmake)
[2.056s] -- Using all available rosidl_typesupport_c: rosidl_typesupport_fastrtps_c;rosidl_typesupport_introspection_c
[2.073s] -- Using all available rosidl_typesupport_cpp: rosidl_typesupport_fastrtps_cpp;rosidl_typesupport_introspection_cpp
[2.115s] -- Found nav_msgs: 4.9.1 (/opt/ros/humble/share/nav_msgs/cmake)
[2.140s] -- Found rclcpp: 16.0.19 (/opt/ros/humble/share/rclcpp/cmake)
[2.203s] -- Found rmw_implementation_cmake: 6.1.2 (/opt/ros/humble/share/rmw_implementation_cmake/cmake)
[2.209s] -- Found rmw_fastrtps_cpp: 6.2.10 (/opt/ros/humble/share/rmw_fastrtps_cpp/cmake)
[2.318s] -- Found OpenSSL: /usr/lib/x86_64-linux-gnu/libcrypto.so (found version "3.0.2")  
[2.348s] -- Found FastRTPS: /opt/ros/humble/include  
[2.401s] -- Using RMW implementation 'rmw_fastrtps_cpp' as default
[2.418s] -- Found Threads: TRUE  
[2.483s] -- Found sensor_msgs: 4.9.1 (/opt/ros/humble/share/sensor_msgs/cmake)
[2.512s] -- Found tf2: 0.25.20 (/opt/ros/humble/share/tf2/cmake)
[2.591s] -- Configuring done
[2.649s] -- Generating done
[2.657s] -- Build files have been written to: /workspace/practica_2/ros2_ws/build/turtlebot3_gazebo
[2.668s] Invoked command in '/workspace/practica_2/ros2_ws/build/turtlebot3_gazebo' returned '0': CMAKE_PREFIX_PATH=/opt/ros/humble /usr/bin/cmake /workspace/practica_2/ros2_ws/src/turtlebot3_simulations/turtlebot3_gazebo -DAMENT_CMAKE_SYMLINK_INSTALL=1 -DCMAKE_INSTALL_PREFIX=/workspace/practica_2/ros2_ws/install/turtlebot3_gazebo
[2.669s] Invoking command in '/workspace/practica_2/ros2_ws/build/turtlebot3_gazebo': CMAKE_PREFIX_PATH=/opt/ros/humble /usr/bin/cmake --build /workspace/practica_2/ros2_ws/build/turtlebot3_gazebo -- -j16 -l16
[2.717s] [  8%] [32mBuilding CXX object CMakeFiles/traffic_light_plugin.dir/src/traffic_light_plugin.cpp.o[0m
[2.717s] [ 16%] [32mBuilding CXX object CMakeFiles/traffic_bar_plugin.dir/src/traffic_bar_plugin.cpp.o[0m
[2.717s] [ 25%] [32mBuilding CXX object CMakeFiles/obstacle1.dir/src/obstacle1.cpp.o[0m
[2.719s] [ 33%] [32mBuilding CXX object CMakeFiles/turtlebot3_drive.dir/src/turtlebot3_drive.cpp.o[0m
[2.721s] [ 50%] [32mBuilding CXX object CMakeFiles/obstacles.dir/src/obstacles.cpp.o[0m
[2.721s] [ 50%] [32mBuilding CXX object CMakeFiles/obstacle2.dir/src/obstacle2.cpp.o[0m
[17.380s] [ 58%] [32m[1mLinking CXX executable turtlebot3_drive[0m
[18.010s] [ 58%] Built target turtlebot3_drive
[18.792s] [ 66%] [32m[1mLinking CXX shared library libobstacle2.so[0m
[18.953s] [ 75%] [32m[1mLinking CXX shared library libobstacle1.so[0m
[18.957s] [ 83%] [32m[1mLinking CXX shared library libobstacles.so[0m
[19.102s] [ 83%] Built target obstacle2
[19.191s] [ 83%] Built target obstacle1
[19.206s] [ 83%] Built target obstacles
[19.211s] [ 91%] [32m[1mLinking CXX shared library libtraffic_bar_plugin.so[0m
[19.246s] [100%] [32m[1mLinking CXX shared library libtraffic_light_plugin.so[0m
[19.418s] [100%] Built target traffic_bar_plugin
[19.495s] [100%] Built target traffic_light_plugin
