[0.852s] Invoking command in '/workspace/practica_2/ros2_ws/build/turtlebot3_teleop': PYTHONPATH=/workspace/practica_2/ros2_ws/build/turtlebot3_teleop/prefix_override:/usr/lib/python3/dist-packages/colcon_core/task/python/colcon_distutils_commands:/workspace/practica_2/ros2_ws/install/turtlebot3_teleop/lib/python3.10/site-packages:${PYTHONPATH} /usr/bin/python3 -W ignore:setup.py install is deprecated -W ignore:easy_install command is deprecated setup.py develop --editable --build-directory /workspace/practica_2/ros2_ws/build/turtlebot3_teleop/build --no-deps symlink_data
[1.082s] running develop
[1.215s] running egg_info
[1.216s] creating turtlebot3_teleop.egg-info
[1.216s] writing turtlebot3_teleop.egg-info/PKG-INFO
[1.216s] writing dependency_links to turtlebot3_teleop.egg-info/dependency_links.txt
[1.216s] writing entry points to turtlebot3_teleop.egg-info/entry_points.txt
[1.216s] writing requirements to turtlebot3_teleop.egg-info/requires.txt
[1.216s] writing top-level names to turtlebot3_teleop.egg-info/top_level.txt
[1.217s] writing manifest file 'turtlebot3_teleop.egg-info/SOURCES.txt'
[1.218s] reading manifest file 'turtlebot3_teleop.egg-info/SOURCES.txt'
[1.218s] writing manifest file 'turtlebot3_teleop.egg-info/SOURCES.txt'
[1.220s] running build_ext
[1.220s] Creating /workspace/practica_2/ros2_ws/install/turtlebot3_teleop/lib/python3.10/site-packages/turtlebot3-teleop.egg-link (link to .)
[1.221s] Installing teleop_keyboard script to /workspace/practica_2/ros2_ws/install/turtlebot3_teleop/lib/turtlebot3_teleop
[1.222s] 
[1.222s] Installed /workspace/practica_2/ros2_ws/build/turtlebot3_teleop
[1.222s] running symlink_data
[1.222s] creating /workspace/practica_2/ros2_ws/install/turtlebot3_teleop/share/ament_index
[1.222s] creating /workspace/practica_2/ros2_ws/install/turtlebot3_teleop/share/ament_index/resource_index
[1.223s] creating /workspace/practica_2/ros2_ws/install/turtlebot3_teleop/share/ament_index/resource_index/packages
[1.223s] symbolically linking /workspace/practica_2/ros2_ws/build/turtlebot3_teleop/resource/turtlebot3_teleop -> /workspace/practica_2/ros2_ws/install/turtlebot3_teleop/share/ament_index/resource_index/packages
[1.223s] symbolically linking /workspace/practica_2/ros2_ws/build/turtlebot3_teleop/package.xml -> /workspace/practica_2/ros2_ws/install/turtlebot3_teleop/share/turtlebot3_teleop
[1.250s] Invoked command in '/workspace/practica_2/ros2_ws/build/turtlebot3_teleop' returned '0': PYTHONPATH=/workspace/practica_2/ros2_ws/build/turtlebot3_teleop/prefix_override:/usr/lib/python3/dist-packages/colcon_core/task/python/colcon_distutils_commands:/workspace/practica_2/ros2_ws/install/turtlebot3_teleop/lib/python3.10/site-packages:${PYTHONPATH} /usr/bin/python3 -W ignore:setup.py install is deprecated -W ignore:easy_install command is deprecated setup.py develop --editable --build-directory /workspace/practica_2/ros2_ws/build/turtlebot3_teleop/build --no-deps symlink_data
