[0.032s] Invoking command in '/workspace/practica_2/ros2_ws/build/turtlebot3_navigation2': CMAKE_PREFIX_PATH=/opt/ros/humble /usr/bin/cmake /workspace/practica_2/ros2_ws/src/turtlebot3/turtlebot3_navigation2 -DAMENT_CMAKE_SYMLINK_INSTALL=1 -DCMAKE_INSTALL_PREFIX=/workspace/practica_2/ros2_ws/install/turtlebot3_navigation2
[0.249s] -- The C compiler identification is GNU 11.4.0
[0.375s] -- The CXX compiler identification is GNU 11.4.0
[0.392s] -- Detecting C compiler ABI info
[0.479s] -- Detecting C compiler ABI info - done
[0.485s] -- Check for working C compiler: /usr/bin/cc - skipped
[0.486s] -- Detecting C compile features
[0.486s] -- Detecting C compile features - done
[0.490s] -- Detecting CXX compiler ABI info
[0.569s] -- Detecting CXX compiler ABI info - done
[0.575s] -- Check for working CXX compiler: /usr/bin/c++ - skipped
[0.576s] -- Detecting CXX compile features
[0.576s] -- Detecting CXX compile features - done
[0.593s] -- Found ament_cmake: 1.3.14 (/opt/ros/humble/share/ament_cmake/cmake)
[0.741s] -- Found Python3: /usr/bin/python3 (found version "3.10.12") found components: Interpreter 
[0.812s] -- Override CMake install command with custom implementation using symlinks instead of copying resources
[0.948s] -- Configuring done
[0.953s] -- Generating done
[0.955s] -- Build files have been written to: /workspace/practica_2/ros2_ws/build/turtlebot3_navigation2
[0.961s] Invoked command in '/workspace/practica_2/ros2_ws/build/turtlebot3_navigation2' returned '0': CMAKE_PREFIX_PATH=/opt/ros/humble /usr/bin/cmake /workspace/practica_2/ros2_ws/src/turtlebot3/turtlebot3_navigation2 -DAMENT_CMAKE_SYMLINK_INSTALL=1 -DCMAKE_INSTALL_PREFIX=/workspace/practica_2/ros2_ws/install/turtlebot3_navigation2
[0.962s] Invoking command in '/workspace/practica_2/ros2_ws/build/turtlebot3_navigation2': CMAKE_PREFIX_PATH=/opt/ros/humble /usr/bin/cmake --build /workspace/practica_2/ros2_ws/build/turtlebot3_navigation2 -- -j16 -l16
[0.997s] Invoked command in '/workspace/practica_2/ros2_ws/build/turtlebot3_navigation2' returned '0': CMAKE_PREFIX_PATH=/opt/ros/humble /usr/bin/cmake --build /workspace/practica_2/ros2_ws/build/turtlebot3_navigation2 -- -j16 -l16
[1.005s] Invoking command in '/workspace/practica_2/ros2_ws/build/turtlebot3_navigation2': CMAKE_PREFIX_PATH=/opt/ros/humble /usr/bin/cmake --install /workspace/practica_2/ros2_ws/build/turtlebot3_navigation2
[1.013s] -- Install configuration: ""
[1.014s] -- Execute custom install script
[1.016s] -- Symlinking: /workspace/practica_2/ros2_ws/install/turtlebot3_navigation2/share/turtlebot3_navigation2/launch/navigation2.launch.py
[1.022s] -- Symlinking: /workspace/practica_2/ros2_ws/install/turtlebot3_navigation2/share/turtlebot3_navigation2/map/map.pgm
[1.030s] -- Symlinking: /workspace/practica_2/ros2_ws/install/turtlebot3_navigation2/share/turtlebot3_navigation2/map/map.yaml
[1.039s] -- Symlinking: /workspace/practica_2/ros2_ws/install/turtlebot3_navigation2/share/turtlebot3_navigation2/param/burger.yaml
[1.047s] -- Symlinking: /workspace/practica_2/ros2_ws/install/turtlebot3_navigation2/share/turtlebot3_navigation2/param/burger_cam.yaml
[1.055s] -- Symlinking: /workspace/practica_2/ros2_ws/install/turtlebot3_navigation2/share/turtlebot3_navigation2/param/humble/burger.yaml
[1.066s] -- Symlinking: /workspace/practica_2/ros2_ws/install/turtlebot3_navigation2/share/turtlebot3_navigation2/param/humble/burger_cam.yaml
[1.072s] -- Symlinking: /workspace/practica_2/ros2_ws/install/turtlebot3_navigation2/share/turtlebot3_navigation2/param/humble/waffle.yaml
[1.079s] -- Symlinking: /workspace/practica_2/ros2_ws/install/turtlebot3_navigation2/share/turtlebot3_navigation2/param/humble/waffle_pi.yaml
[1.089s] -- Symlinking: /workspace/practica_2/ros2_ws/install/turtlebot3_navigation2/share/turtlebot3_navigation2/param/waffle.yaml
[1.098s] -- Symlinking: /workspace/practica_2/ros2_ws/install/turtlebot3_navigation2/share/turtlebot3_navigation2/param/waffle_pi.yaml
[1.106s] -- Symlinking: /workspace/practica_2/ros2_ws/install/turtlebot3_navigation2/share/turtlebot3_navigation2/rviz/tb3_navigation2.rviz
[1.114s] -- Symlinking: /workspace/practica_2/ros2_ws/install/turtlebot3_navigation2/share/ament_index/resource_index/package_run_dependencies/turtlebot3_navigation2
[1.122s] -- Symlinking: /workspace/practica_2/ros2_ws/install/turtlebot3_navigation2/share/ament_index/resource_index/parent_prefix_path/turtlebot3_navigation2
[1.130s] -- Symlinking: /workspace/practica_2/ros2_ws/install/turtlebot3_navigation2/share/turtlebot3_navigation2/environment/ament_prefix_path.sh
[1.137s] -- Symlinking: /workspace/practica_2/ros2_ws/install/turtlebot3_navigation2/share/turtlebot3_navigation2/environment/ament_prefix_path.dsv
[1.145s] -- Symlinking: /workspace/practica_2/ros2_ws/install/turtlebot3_navigation2/share/turtlebot3_navigation2/environment/path.sh
[1.153s] -- Symlinking: /workspace/practica_2/ros2_ws/install/turtlebot3_navigation2/share/turtlebot3_navigation2/environment/path.dsv
[1.161s] -- Symlinking: /workspace/practica_2/ros2_ws/install/turtlebot3_navigation2/share/turtlebot3_navigation2/local_setup.bash
[1.169s] -- Symlinking: /workspace/practica_2/ros2_ws/install/turtlebot3_navigation2/share/turtlebot3_navigation2/local_setup.sh
[1.177s] -- Symlinking: /workspace/practica_2/ros2_ws/install/turtlebot3_navigation2/share/turtlebot3_navigation2/local_setup.zsh
[1.185s] -- Symlinking: /workspace/practica_2/ros2_ws/install/turtlebot3_navigation2/share/turtlebot3_navigation2/local_setup.dsv
[1.193s] -- Symlinking: /workspace/practica_2/ros2_ws/install/turtlebot3_navigation2/share/turtlebot3_navigation2/package.dsv
[1.202s] -- Symlinking: /workspace/practica_2/ros2_ws/install/turtlebot3_navigation2/share/ament_index/resource_index/packages/turtlebot3_navigation2
[1.211s] -- Symlinking: /workspace/practica_2/ros2_ws/install/turtlebot3_navigation2/share/turtlebot3_navigation2/cmake/turtlebot3_navigation2Config.cmake
[1.219s] -- Symlinking: /workspace/practica_2/ros2_ws/install/turtlebot3_navigation2/share/turtlebot3_navigation2/cmake/turtlebot3_navigation2Config-version.cmake
[1.229s] -- Symlinking: /workspace/practica_2/ros2_ws/install/turtlebot3_navigation2/share/turtlebot3_navigation2/package.xml
[1.238s] Invoked command in '/workspace/practica_2/ros2_ws/build/turtlebot3_navigation2' returned '0': CMAKE_PREFIX_PATH=/opt/ros/humble /usr/bin/cmake --install /workspace/practica_2/ros2_ws/build/turtlebot3_navigation2
