[0.042s] Invoking command in '/workspace/practica_2/ros2_ws/build/turtlebot3_msgs': CMAKE_PREFIX_PATH=/opt/ros/humble /usr/bin/cmake /workspace/practica_2/ros2_ws/src/turtlebot3_msgs -DAMENT_CMAKE_SYMLINK_INSTALL=1 -DCMAKE_INSTALL_PREFIX=/workspace/practica_2/ros2_ws/install/turtlebot3_msgs
[0.275s] -- The C compiler identification is GNU 11.4.0
[0.400s] -- The CXX compiler identification is GNU 11.4.0
[0.418s] -- Detecting C compiler ABI info
[0.505s] -- Detecting C compiler ABI info - done
[0.511s] -- Check for working C compiler: /usr/bin/cc - skipped
[0.512s] -- Detecting C compile features
[0.512s] -- Detecting C compile features - done
[0.516s] -- Detecting CXX compiler ABI info
[0.594s] -- Detecting CXX compiler ABI info - done
[0.602s] -- Check for working CXX compiler: /usr/bin/c++ - skipped
[0.602s] -- Detecting CXX compile features
[0.603s] -- Detecting CXX compile features - done
[0.607s] -- Found action_msgs: 1.2.2 (/opt/ros/humble/share/action_msgs/cmake)
[0.763s] -- Found Python3: /usr/bin/python3 (found version "3.10.12") found components: Interpreter 
[0.838s] -- Override CMake install command with custom implementation using symlinks instead of copying resources
[0.959s] -- Found rosidl_generator_c: 3.1.8 (/opt/ros/humble/share/rosidl_generator_c/cmake)
[0.970s] -- Found rosidl_adapter: 3.1.8 (/opt/ros/humble/share/rosidl_adapter/cmake)
[0.988s] -- Found rosidl_generator_cpp: 3.1.8 (/opt/ros/humble/share/rosidl_generator_cpp/cmake)
[1.014s] -- Using all available rosidl_typesupport_c: rosidl_typesupport_fastrtps_c;rosidl_typesupport_introspection_c
[1.041s] -- Using all available rosidl_typesupport_cpp: rosidl_typesupport_fastrtps_cpp;rosidl_typesupport_introspection_cpp
[1.111s] -- Found rosidl_default_generators: 1.2.1 (/opt/ros/humble/share/rosidl_default_generators/cmake)
[1.137s] -- Found std_msgs: 4.9.1 (/opt/ros/humble/share/std_msgs/cmake)
[1.161s] -- Found geometry_msgs: 4.9.1 (/opt/ros/humble/share/geometry_msgs/cmake)
[1.504s] -- Found ament_cmake_cppcheck: 0.12.15 (/opt/ros/humble/share/ament_cmake_cppcheck/cmake)
[1.508s] -- Found ament_cmake_cpplint: 0.12.15 (/opt/ros/humble/share/ament_cmake_cpplint/cmake)
[1.511s] -- Found ament_cmake_uncrustify: 0.12.15 (/opt/ros/humble/share/ament_cmake_uncrustify/cmake)
[1.516s] -- Found ament_cmake_ros: 0.10.0 (/opt/ros/humble/share/ament_cmake_ros/cmake)
[1.903s] -- Using all available rosidl_typesupport_c: rosidl_typesupport_fastrtps_c;rosidl_typesupport_introspection_c
[2.052s] -- Using all available rosidl_typesupport_cpp: rosidl_typesupport_fastrtps_cpp;rosidl_typesupport_introspection_cpp
[2.074s] -- Found PythonInterp: /usr/bin/python3 (found suitable version "3.10.12", minimum required is "3.6") 
[2.077s] -- Found python_cmake_module: 0.10.0 (/opt/ros/humble/share/python_cmake_module/cmake)
[2.104s] -- Found PythonLibs: /usr/lib/x86_64-linux-gnu/libpython3.10.so (found suitable version "3.10.12", minimum required is "3.5") 
[2.105s] -- Using PYTHON_EXECUTABLE: /usr/bin/python3
[2.105s] -- Using PYTHON_INCLUDE_DIRS: /usr/include/python3.10
[2.105s] -- Using PYTHON_LIBRARIES: /usr/lib/x86_64-linux-gnu/libpython3.10.so
[2.124s] -- Found PythonExtra: .so  
[2.187s] -- Found ament_cmake_flake8: 0.12.15 (/opt/ros/humble/share/ament_cmake_flake8/cmake)
[2.191s] -- Found ament_cmake_pep257: 0.12.15 (/opt/ros/humble/share/ament_cmake_pep257/cmake)
[2.285s] -- Configuring done
[2.346s] -- Generating done
[2.359s] -- Build files have been written to: /workspace/practica_2/ros2_ws/build/turtlebot3_msgs
[2.367s] Invoked command in '/workspace/practica_2/ros2_ws/build/turtlebot3_msgs' returned '0': CMAKE_PREFIX_PATH=/opt/ros/humble /usr/bin/cmake /workspace/practica_2/ros2_ws/src/turtlebot3_msgs -DAMENT_CMAKE_SYMLINK_INSTALL=1 -DCMAKE_INSTALL_PREFIX=/workspace/practica_2/ros2_ws/install/turtlebot3_msgs
[2.368s] Invoking command in '/workspace/practica_2/ros2_ws/build/turtlebot3_msgs': CMAKE_PREFIX_PATH=/opt/ros/humble /usr/bin/cmake --build /workspace/practica_2/ros2_ws/build/turtlebot3_msgs -- -j16 -l16
[2.404s] [  1%] [34m[1mGenerating C code for ROS interfaces[0m
[2.412s] [  2%] [34m[1mGenerating Rust code for ROS interfaces[0m
[2.413s] [  3%] [34m[1mGenerating C++ code for ROS interfaces[0m
[2.420s] [  3%] Built target ament_cmake_python_symlink_turtlebot3_msgs
[2.610s] running egg_info
[2.610s] creating turtlebot3_msgs.egg-info
[2.610s] writing turtlebot3_msgs.egg-info/PKG-INFO
[2.611s] writing dependency_links to turtlebot3_msgs.egg-info/dependency_links.txt
[2.611s] writing top-level names to turtlebot3_msgs.egg-info/top_level.txt
[2.611s] writing manifest file 'turtlebot3_msgs.egg-info/SOURCES.txt'
[2.613s] reading manifest file 'turtlebot3_msgs.egg-info/SOURCES.txt'
[2.614s] writing manifest file 'turtlebot3_msgs.egg-info/SOURCES.txt'
[2.639s] [  3%] Built target ament_cmake_python_build_turtlebot3_msgs_egg
[2.946s] [  3%] Built target turtlebot3_msgs__rs
[3.283s] [  3%] Built target turtlebot3_msgs__cpp
[3.284s] [  6%] [32mBuilding C object CMakeFiles/turtlebot3_msgs__rosidl_generator_c.dir/rosidl_generator_c/turtlebot3_msgs/msg/detail/version_info__functions.c.o[0m
[3.284s] [  6%] [32mBuilding C object CMakeFiles/turtlebot3_msgs__rosidl_generator_c.dir/rosidl_generator_c/turtlebot3_msgs/msg/detail/sound__functions.c.o[0m
[3.284s] [  7%] [32mBuilding C object CMakeFiles/turtlebot3_msgs__rosidl_generator_c.dir/rosidl_generator_c/turtlebot3_msgs/srv/detail/sound__functions.c.o[0m
[3.284s] [  8%] [32mBuilding C object CMakeFiles/turtlebot3_msgs__rosidl_generator_c.dir/rosidl_generator_c/turtlebot3_msgs/srv/detail/goal__functions.c.o[0m
[3.285s] [ 10%] [32mBuilding C object CMakeFiles/turtlebot3_msgs__rosidl_generator_c.dir/rosidl_generator_c/turtlebot3_msgs/srv/detail/dqn__functions.c.o[0m
[3.285s] [ 11%] [32mBuilding C object CMakeFiles/turtlebot3_msgs__rosidl_generator_c.dir/rosidl_generator_c/turtlebot3_msgs/msg/detail/sensor_state__functions.c.o[0m
[3.287s] [ 12%] [32mBuilding C object CMakeFiles/turtlebot3_msgs__rosidl_generator_c.dir/rosidl_generator_c/turtlebot3_msgs/action/detail/patrol__functions.c.o[0m
[3.297s] [ 13%] [34m[1mGenerating C++ type support for eProsima Fast-RTPS[0m
[3.299s] [ 15%] [34m[1mGenerating C++ type support dispatch for ROS interfaces[0m
[3.299s] [ 16%] [34m[1mGenerating C++ introspection for ROS interfaces[0m
[3.460s] [ 17%] [32m[1mLinking C shared library libturtlebot3_msgs__rosidl_generator_c.so[0m
[3.511s] [ 17%] Built target turtlebot3_msgs__rosidl_generator_c
[3.522s] [ 18%] [34m[1mGenerating C introspection for ROS interfaces[0m
[3.524s] [ 20%] [34m[1mGenerating C type support for eProsima Fast-RTPS[0m
[3.526s] [ 21%] [34m[1mGenerating C type support dispatch for ROS interfaces[0m
[4.145s] [ 22%] [32mBuilding CXX object CMakeFiles/turtlebot3_msgs__rosidl_typesupport_cpp.dir/rosidl_typesupport_cpp/turtlebot3_msgs/msg/sound__type_support.cpp.o[0m
[4.145s] [ 23%] [32mBuilding CXX object CMakeFiles/turtlebot3_msgs__rosidl_typesupport_cpp.dir/rosidl_typesupport_cpp/turtlebot3_msgs/msg/sensor_state__type_support.cpp.o[0m
[4.148s] [ 26%] [32mBuilding CXX object CMakeFiles/turtlebot3_msgs__rosidl_typesupport_cpp.dir/rosidl_typesupport_cpp/turtlebot3_msgs/msg/version_info__type_support.cpp.o[0m
[4.148s] [ 26%] [32mBuilding CXX object CMakeFiles/turtlebot3_msgs__rosidl_typesupport_cpp.dir/rosidl_typesupport_cpp/turtlebot3_msgs/srv/dqn__type_support.cpp.o[0m
[4.149s] [ 27%] [32mBuilding CXX object CMakeFiles/turtlebot3_msgs__rosidl_typesupport_cpp.dir/rosidl_typesupport_cpp/turtlebot3_msgs/srv/sound__type_support.cpp.o[0m
[4.151s] [ 28%] [32mBuilding CXX object CMakeFiles/turtlebot3_msgs__rosidl_typesupport_cpp.dir/rosidl_typesupport_cpp/turtlebot3_msgs/srv/goal__type_support.cpp.o[0m
[4.152s] [ 30%] [32mBuilding CXX object CMakeFiles/turtlebot3_msgs__rosidl_typesupport_cpp.dir/rosidl_typesupport_cpp/turtlebot3_msgs/action/patrol__type_support.cpp.o[0m
[4.290s] [ 31%] [32mBuilding CXX object CMakeFiles/turtlebot3_msgs__rosidl_typesupport_introspection_cpp.dir/rosidl_typesupport_introspection_cpp/turtlebot3_msgs/msg/detail/sensor_state__type_support.cpp.o[0m
[4.304s] [ 32%] [32mBuilding CXX object CMakeFiles/turtlebot3_msgs__rosidl_typesupport_introspection_cpp.dir/rosidl_typesupport_introspection_cpp/turtlebot3_msgs/msg/detail/sound__type_support.cpp.o[0m
[4.308s] [ 33%] [32mBuilding CXX object CMakeFiles/turtlebot3_msgs__rosidl_typesupport_introspection_cpp.dir/rosidl_typesupport_introspection_cpp/turtlebot3_msgs/msg/detail/version_info__type_support.cpp.o[0m
[4.308s] [ 35%] [32mBuilding CXX object CMakeFiles/turtlebot3_msgs__rosidl_typesupport_introspection_cpp.dir/rosidl_typesupport_introspection_cpp/turtlebot3_msgs/srv/detail/dqn__type_support.cpp.o[0m
[4.316s] [ 36%] [32mBuilding CXX object CMakeFiles/turtlebot3_msgs__rosidl_typesupport_introspection_cpp.dir/rosidl_typesupport_introspection_cpp/turtlebot3_msgs/srv/detail/sound__type_support.cpp.o[0m
[4.430s] [ 37%] [32mBuilding CXX object CMakeFiles/turtlebot3_msgs__rosidl_typesupport_c.dir/rosidl_typesupport_c/turtlebot3_msgs/msg/sensor_state__type_support.cpp.o[0m
[4.521s] [ 38%] [32mBuilding CXX object CMakeFiles/turtlebot3_msgs__rosidl_typesupport_c.dir/rosidl_typesupport_c/turtlebot3_msgs/msg/sound__type_support.cpp.o[0m
[4.608s] [ 40%] [32mBuilding CXX object CMakeFiles/turtlebot3_msgs__rosidl_typesupport_c.dir/rosidl_typesupport_c/turtlebot3_msgs/msg/version_info__type_support.cpp.o[0m
[4.609s] [ 41%] [32mBuilding CXX object CMakeFiles/turtlebot3_msgs__rosidl_typesupport_introspection_cpp.dir/rosidl_typesupport_introspection_cpp/turtlebot3_msgs/srv/detail/goal__type_support.cpp.o[0m
[4.633s] [ 42%] [32mBuilding CXX object CMakeFiles/turtlebot3_msgs__rosidl_typesupport_introspection_cpp.dir/rosidl_typesupport_introspection_cpp/turtlebot3_msgs/action/detail/patrol__type_support.cpp.o[0m
[4.660s] [ 43%] [32mBuilding CXX object CMakeFiles/turtlebot3_msgs__rosidl_typesupport_c.dir/rosidl_typesupport_c/turtlebot3_msgs/srv/sound__type_support.cpp.o[0m
[4.699s] [ 45%] [32mBuilding CXX object CMakeFiles/turtlebot3_msgs__rosidl_typesupport_c.dir/rosidl_typesupport_c/turtlebot3_msgs/srv/dqn__type_support.cpp.o[0m
[4.711s] [ 46%] [32mBuilding CXX object CMakeFiles/turtlebot3_msgs__rosidl_typesupport_fastrtps_cpp.dir/rosidl_typesupport_fastrtps_cpp/turtlebot3_msgs/msg/detail/dds_fastrtps/sensor_state__type_support.cpp.o[0m
[4.743s] [ 47%] [32mBuilding CXX object CMakeFiles/turtlebot3_msgs__rosidl_typesupport_c.dir/rosidl_typesupport_c/turtlebot3_msgs/srv/goal__type_support.cpp.o[0m
[4.772s] [ 48%] [32mBuilding CXX object CMakeFiles/turtlebot3_msgs__rosidl_typesupport_c.dir/rosidl_typesupport_c/turtlebot3_msgs/action/patrol__type_support.cpp.o[0m
[4.778s] [ 50%] [32mBuilding CXX object CMakeFiles/turtlebot3_msgs__rosidl_typesupport_fastrtps_cpp.dir/rosidl_typesupport_fastrtps_cpp/turtlebot3_msgs/msg/detail/dds_fastrtps/sound__type_support.cpp.o[0m
[4.784s] [ 51%] [32mBuilding CXX object CMakeFiles/turtlebot3_msgs__rosidl_typesupport_fastrtps_cpp.dir/rosidl_typesupport_fastrtps_cpp/turtlebot3_msgs/msg/detail/dds_fastrtps/version_info__type_support.cpp.o[0m
[4.826s] [ 52%] [32mBuilding CXX object CMakeFiles/turtlebot3_msgs__rosidl_typesupport_fastrtps_cpp.dir/rosidl_typesupport_fastrtps_cpp/turtlebot3_msgs/srv/detail/dds_fastrtps/sound__type_support.cpp.o[0m
[4.839s] [ 53%] [32mBuilding CXX object CMakeFiles/turtlebot3_msgs__rosidl_typesupport_fastrtps_cpp.dir/rosidl_typesupport_fastrtps_cpp/turtlebot3_msgs/srv/detail/dds_fastrtps/dqn__type_support.cpp.o[0m
[4.928s] [ 55%] [32m[1mLinking CXX shared library libturtlebot3_msgs__rosidl_typesupport_c.so[0m
[4.934s] [ 56%] [32mBuilding C object CMakeFiles/turtlebot3_msgs__rosidl_typesupport_introspection_c.dir/rosidl_typesupport_introspection_c/turtlebot3_msgs/msg/detail/sensor_state__type_support.c.o[0m
[4.960s] [ 57%] [32mBuilding C object CMakeFiles/turtlebot3_msgs__rosidl_typesupport_introspection_c.dir/rosidl_typesupport_introspection_c/turtlebot3_msgs/msg/detail/sound__type_support.c.o[0m
[5.027s] [ 58%] [32mBuilding C object CMakeFiles/turtlebot3_msgs__rosidl_typesupport_introspection_c.dir/rosidl_typesupport_introspection_c/turtlebot3_msgs/msg/detail/version_info__type_support.c.o[0m
[5.039s] [ 60%] [32mBuilding C object CMakeFiles/turtlebot3_msgs__rosidl_typesupport_introspection_c.dir/rosidl_typesupport_introspection_c/turtlebot3_msgs/srv/detail/sound__type_support.c.o[0m
[5.039s] [ 61%] [32mBuilding CXX object CMakeFiles/turtlebot3_msgs__rosidl_typesupport_fastrtps_cpp.dir/rosidl_typesupport_fastrtps_cpp/turtlebot3_msgs/srv/detail/dds_fastrtps/goal__type_support.cpp.o[0m
[5.040s] [ 62%] [32mBuilding CXX object CMakeFiles/turtlebot3_msgs__rosidl_typesupport_fastrtps_c.dir/rosidl_typesupport_fastrtps_c/turtlebot3_msgs/msg/detail/sensor_state__type_support_c.cpp.o[0m
[5.054s] [ 63%] [32mBuilding C object CMakeFiles/turtlebot3_msgs__rosidl_typesupport_introspection_c.dir/rosidl_typesupport_introspection_c/turtlebot3_msgs/srv/detail/dqn__type_support.c.o[0m
[5.062s] [ 63%] Built target turtlebot3_msgs__rosidl_typesupport_c
[5.085s] [ 65%] [32mBuilding C object CMakeFiles/turtlebot3_msgs__rosidl_typesupport_introspection_c.dir/rosidl_typesupport_introspection_c/turtlebot3_msgs/action/detail/patrol__type_support.c.o[0m
[5.088s] [ 66%] [32mBuilding C object CMakeFiles/turtlebot3_msgs__rosidl_typesupport_introspection_c.dir/rosidl_typesupport_introspection_c/turtlebot3_msgs/srv/detail/goal__type_support.c.o[0m
[5.116s] [ 67%] [32m[1mLinking CXX shared library libturtlebot3_msgs__rosidl_typesupport_cpp.so[0m
[5.125s] [ 68%] [32mBuilding CXX object CMakeFiles/turtlebot3_msgs__rosidl_typesupport_fastrtps_c.dir/rosidl_typesupport_fastrtps_c/turtlebot3_msgs/msg/detail/sound__type_support_c.cpp.o[0m
[5.136s] [ 70%] [32mBuilding CXX object CMakeFiles/turtlebot3_msgs__rosidl_typesupport_fastrtps_cpp.dir/rosidl_typesupport_fastrtps_cpp/turtlebot3_msgs/action/detail/dds_fastrtps/patrol__type_support.cpp.o[0m
[5.148s] [ 71%] [32mBuilding CXX object CMakeFiles/turtlebot3_msgs__rosidl_typesupport_fastrtps_c.dir/rosidl_typesupport_fastrtps_c/turtlebot3_msgs/msg/detail/version_info__type_support_c.cpp.o[0m
[5.156s] [ 72%] [32mBuilding CXX object CMakeFiles/turtlebot3_msgs__rosidl_typesupport_fastrtps_c.dir/rosidl_typesupport_fastrtps_c/turtlebot3_msgs/srv/detail/sound__type_support_c.cpp.o[0m
[5.159s] [ 73%] [32mBuilding CXX object CMakeFiles/turtlebot3_msgs__rosidl_typesupport_fastrtps_c.dir/rosidl_typesupport_fastrtps_c/turtlebot3_msgs/srv/detail/dqn__type_support_c.cpp.o[0m
[5.251s] [ 73%] Built target turtlebot3_msgs__rosidl_typesupport_cpp
[5.252s] [ 75%] [32m[1mLinking C shared library libturtlebot3_msgs__rosidl_typesupport_introspection_c.so[0m
[5.277s] [ 76%] [32mBuilding CXX object CMakeFiles/turtlebot3_msgs__rosidl_typesupport_fastrtps_c.dir/rosidl_typesupport_fastrtps_c/turtlebot3_msgs/srv/detail/goal__type_support_c.cpp.o[0m
[5.351s] [ 77%] [32mBuilding CXX object CMakeFiles/turtlebot3_msgs__rosidl_typesupport_fastrtps_c.dir/rosidl_typesupport_fastrtps_c/turtlebot3_msgs/action/detail/patrol__type_support_c.cpp.o[0m
[5.367s] [ 77%] Built target turtlebot3_msgs__rosidl_typesupport_introspection_c
[5.808s] [ 78%] [32m[1mLinking CXX shared library libturtlebot3_msgs__rosidl_typesupport_introspection_cpp.so[0m
[5.920s] [ 78%] Built target turtlebot3_msgs__rosidl_typesupport_introspection_cpp
[6.015s] [ 80%] [32m[1mLinking CXX shared library libturtlebot3_msgs__rosidl_typesupport_fastrtps_c.so[0m
[6.083s] [ 81%] [32m[1mLinking CXX shared library libturtlebot3_msgs__rosidl_typesupport_fastrtps_cpp.so[0m
[6.118s] [ 81%] Built target turtlebot3_msgs__rosidl_typesupport_fastrtps_c
[6.174s] [ 81%] Built target turtlebot3_msgs__rosidl_typesupport_fastrtps_cpp
[6.198s] [ 81%] Built target turtlebot3_msgs
[6.219s] [ 82%] [34m[1mGenerating Python code for ROS interfaces[0m
[7.823s] [ 82%] Built target turtlebot3_msgs__py
[7.854s] [ 83%] [32mBuilding C object CMakeFiles/turtlebot3_msgs__rosidl_generator_py.dir/rosidl_generator_py/turtlebot3_msgs/msg/_sound_s.c.o[0m
[7.855s] [ 85%] [32mBuilding C object CMakeFiles/turtlebot3_msgs__rosidl_generator_py.dir/rosidl_generator_py/turtlebot3_msgs/srv/_goal_s.c.o[0m
[7.855s] [ 86%] [32mBuilding C object CMakeFiles/turtlebot3_msgs__rosidl_generator_py.dir/rosidl_generator_py/turtlebot3_msgs/srv/_sound_s.c.o[0m
[7.855s] [ 87%] [32mBuilding C object CMakeFiles/turtlebot3_msgs__rosidl_generator_py.dir/rosidl_generator_py/turtlebot3_msgs/msg/_version_info_s.c.o[0m
[7.855s] [ 90%] [32mBuilding C object CMakeFiles/turtlebot3_msgs__rosidl_generator_py.dir/rosidl_generator_py/turtlebot3_msgs/action/_patrol_s.c.o[0m
[7.856s] [ 90%] [32mBuilding C object CMakeFiles/turtlebot3_msgs__rosidl_generator_py.dir/rosidl_generator_py/turtlebot3_msgs/srv/_dqn_s.c.o[0m
[7.857s] [ 91%] [32mBuilding C object CMakeFiles/turtlebot3_msgs__rosidl_generator_py.dir/rosidl_generator_py/turtlebot3_msgs/msg/_sensor_state_s.c.o[0m
[8.099s] [ 92%] [32m[1mLinking C shared library rosidl_generator_py/turtlebot3_msgs/libturtlebot3_msgs__rosidl_generator_py.so[0m
[8.159s] [ 92%] Built target turtlebot3_msgs__rosidl_generator_py
[8.179s] [ 93%] [32mBuilding C object CMakeFiles/turtlebot3_msgs__rosidl_typesupport_introspection_c__pyext.dir/rosidl_generator_py/turtlebot3_msgs/_turtlebot3_msgs_s.ep.rosidl_typesupport_introspection_c.c.o[0m
[8.186s] [ 95%] [32mBuilding C object CMakeFiles/turtlebot3_msgs__rosidl_typesupport_fastrtps_c__pyext.dir/rosidl_generator_py/turtlebot3_msgs/_turtlebot3_msgs_s.ep.rosidl_typesupport_fastrtps_c.c.o[0m
[8.186s] [ 96%] [32mBuilding C object CMakeFiles/turtlebot3_msgs__rosidl_typesupport_c__pyext.dir/rosidl_generator_py/turtlebot3_msgs/_turtlebot3_msgs_s.ep.rosidl_typesupport_c.c.o[0m
[8.387s] [ 97%] [32m[1mLinking C shared library rosidl_generator_py/turtlebot3_msgs/turtlebot3_msgs_s__rosidl_typesupport_introspection_c.cpython-310-x86_64-linux-gnu.so[0m
[8.394s] [ 98%] [32m[1mLinking C shared library rosidl_generator_py/turtlebot3_msgs/turtlebot3_msgs_s__rosidl_typesupport_fastrtps_c.cpython-310-x86_64-linux-gnu.so[0m
[8.402s] [100%] [32m[1mLinking C shared library rosidl_generator_py/turtlebot3_msgs/turtlebot3_msgs_s__rosidl_typesupport_c.cpython-310-x86_64-linux-gnu.so[0m
[8.442s] [100%] Built target turtlebot3_msgs__rosidl_typesupport_introspection_c__pyext
[8.442s] [100%] Built target turtlebot3_msgs__rosidl_typesupport_fastrtps_c__pyext
[8.456s] [100%] Built target turtlebot3_msgs__rosidl_typesupport_c__pyext
[8.469s] Invoked command in '/workspace/practica_2/ros2_ws/build/turtlebot3_msgs' returned '0': CMAKE_PREFIX_PATH=/opt/ros/humble /usr/bin/cmake --build /workspace/practica_2/ros2_ws/build/turtlebot3_msgs -- -j16 -l16
[8.470s] Invoking command in '/workspace/practica_2/ros2_ws/build/turtlebot3_msgs': CMAKE_PREFIX_PATH=/opt/ros/humble /usr/bin/cmake --install /workspace/practica_2/ros2_ws/build/turtlebot3_msgs
[8.480s] -- Install configuration: ""
[8.480s] -- Execute custom install script
[8.481s] -- Symlinking: /workspace/practica_2/ros2_ws/install/turtlebot3_msgs/share/ament_index/resource_index/rosidl_interfaces/turtlebot3_msgs
[8.494s] -- Symlinking: /workspace/practica_2/ros2_ws/install/turtlebot3_msgs/include/turtlebot3_msgs/turtlebot3_msgs/action/detail/patrol__functions.h
[8.506s] -- Symlinking: /workspace/practica_2/ros2_ws/install/turtlebot3_msgs/include/turtlebot3_msgs/turtlebot3_msgs/action/detail/patrol__struct.h
[8.516s] -- Symlinking: /workspace/practica_2/ros2_ws/install/turtlebot3_msgs/include/turtlebot3_msgs/turtlebot3_msgs/action/detail/patrol__type_support.h
[8.527s] -- Symlinking: /workspace/practica_2/ros2_ws/install/turtlebot3_msgs/include/turtlebot3_msgs/turtlebot3_msgs/action/patrol.h
[8.537s] -- Symlinking: /workspace/practica_2/ros2_ws/install/turtlebot3_msgs/include/turtlebot3_msgs/turtlebot3_msgs/msg/detail/sensor_state__functions.h
[8.545s] -- Symlinking: /workspace/practica_2/ros2_ws/install/turtlebot3_msgs/include/turtlebot3_msgs/turtlebot3_msgs/msg/detail/sensor_state__struct.h
[8.555s] -- Symlinking: /workspace/practica_2/ros2_ws/install/turtlebot3_msgs/include/turtlebot3_msgs/turtlebot3_msgs/msg/detail/sensor_state__type_support.h
[8.564s] -- Symlinking: /workspace/practica_2/ros2_ws/install/turtlebot3_msgs/include/turtlebot3_msgs/turtlebot3_msgs/msg/detail/sound__functions.h
[8.575s] -- Symlinking: /workspace/practica_2/ros2_ws/install/turtlebot3_msgs/include/turtlebot3_msgs/turtlebot3_msgs/msg/detail/sound__struct.h
[8.586s] -- Symlinking: /workspace/practica_2/ros2_ws/install/turtlebot3_msgs/include/turtlebot3_msgs/turtlebot3_msgs/msg/detail/sound__type_support.h
[8.595s] -- Symlinking: /workspace/practica_2/ros2_ws/install/turtlebot3_msgs/include/turtlebot3_msgs/turtlebot3_msgs/msg/detail/version_info__functions.h
[8.605s] -- Symlinking: /workspace/practica_2/ros2_ws/install/turtlebot3_msgs/include/turtlebot3_msgs/turtlebot3_msgs/msg/detail/version_info__struct.h
[8.615s] -- Symlinking: /workspace/practica_2/ros2_ws/install/turtlebot3_msgs/include/turtlebot3_msgs/turtlebot3_msgs/msg/detail/version_info__type_support.h
[8.624s] -- Symlinking: /workspace/practica_2/ros2_ws/install/turtlebot3_msgs/include/turtlebot3_msgs/turtlebot3_msgs/msg/rosidl_generator_c__visibility_control.h
[8.633s] -- Symlinking: /workspace/practica_2/ros2_ws/install/turtlebot3_msgs/include/turtlebot3_msgs/turtlebot3_msgs/msg/sensor_state.h
[8.642s] -- Symlinking: /workspace/practica_2/ros2_ws/install/turtlebot3_msgs/include/turtlebot3_msgs/turtlebot3_msgs/msg/sound.h
[8.655s] -- Symlinking: /workspace/practica_2/ros2_ws/install/turtlebot3_msgs/include/turtlebot3_msgs/turtlebot3_msgs/msg/version_info.h
[8.665s] -- Symlinking: /workspace/practica_2/ros2_ws/install/turtlebot3_msgs/include/turtlebot3_msgs/turtlebot3_msgs/srv/detail/dqn__functions.h
[8.674s] -- Symlinking: /workspace/practica_2/ros2_ws/install/turtlebot3_msgs/include/turtlebot3_msgs/turtlebot3_msgs/srv/detail/dqn__struct.h
[8.685s] -- Symlinking: /workspace/practica_2/ros2_ws/install/turtlebot3_msgs/include/turtlebot3_msgs/turtlebot3_msgs/srv/detail/dqn__type_support.h
[8.693s] -- Symlinking: /workspace/practica_2/ros2_ws/install/turtlebot3_msgs/include/turtlebot3_msgs/turtlebot3_msgs/srv/detail/goal__functions.h
[8.703s] -- Symlinking: /workspace/practica_2/ros2_ws/install/turtlebot3_msgs/include/turtlebot3_msgs/turtlebot3_msgs/srv/detail/goal__struct.h
[8.717s] -- Symlinking: /workspace/practica_2/ros2_ws/install/turtlebot3_msgs/include/turtlebot3_msgs/turtlebot3_msgs/srv/detail/goal__type_support.h
[8.732s] -- Symlinking: /workspace/practica_2/ros2_ws/install/turtlebot3_msgs/include/turtlebot3_msgs/turtlebot3_msgs/srv/detail/sound__functions.h
[8.742s] -- Symlinking: /workspace/practica_2/ros2_ws/install/turtlebot3_msgs/include/turtlebot3_msgs/turtlebot3_msgs/srv/detail/sound__struct.h
[8.755s] -- Symlinking: /workspace/practica_2/ros2_ws/install/turtlebot3_msgs/include/turtlebot3_msgs/turtlebot3_msgs/srv/detail/sound__type_support.h
[8.765s] -- Symlinking: /workspace/practica_2/ros2_ws/install/turtlebot3_msgs/include/turtlebot3_msgs/turtlebot3_msgs/srv/dqn.h
[8.775s] -- Symlinking: /workspace/practica_2/ros2_ws/install/turtlebot3_msgs/include/turtlebot3_msgs/turtlebot3_msgs/srv/goal.h
[8.789s] -- Symlinking: /workspace/practica_2/ros2_ws/install/turtlebot3_msgs/include/turtlebot3_msgs/turtlebot3_msgs/srv/sound.h
[8.801s] -- Symlinking: /workspace/practica_2/ros2_ws/install/turtlebot3_msgs/share/turtlebot3_msgs/environment/library_path.sh
[8.814s] -- Symlinking: /workspace/practica_2/ros2_ws/install/turtlebot3_msgs/share/turtlebot3_msgs/environment/library_path.dsv
[8.826s] -- Symlinking: /workspace/practica_2/ros2_ws/install/turtlebot3_msgs/include/turtlebot3_msgs/turtlebot3_msgs/action/detail/patrol__rosidl_typesupport_fastrtps_c.h
[8.838s] -- Symlinking: /workspace/practica_2/ros2_ws/install/turtlebot3_msgs/include/turtlebot3_msgs/turtlebot3_msgs/msg/detail/sensor_state__rosidl_typesupport_fastrtps_c.h
[8.853s] -- Symlinking: /workspace/practica_2/ros2_ws/install/turtlebot3_msgs/include/turtlebot3_msgs/turtlebot3_msgs/msg/detail/sound__rosidl_typesupport_fastrtps_c.h
[8.868s] -- Symlinking: /workspace/practica_2/ros2_ws/install/turtlebot3_msgs/include/turtlebot3_msgs/turtlebot3_msgs/msg/detail/version_info__rosidl_typesupport_fastrtps_c.h
[8.881s] -- Symlinking: /workspace/practica_2/ros2_ws/install/turtlebot3_msgs/include/turtlebot3_msgs/turtlebot3_msgs/msg/rosidl_typesupport_fastrtps_c__visibility_control.h
[8.889s] -- Symlinking: /workspace/practica_2/ros2_ws/install/turtlebot3_msgs/include/turtlebot3_msgs/turtlebot3_msgs/srv/detail/dqn__rosidl_typesupport_fastrtps_c.h
[8.901s] -- Symlinking: /workspace/practica_2/ros2_ws/install/turtlebot3_msgs/include/turtlebot3_msgs/turtlebot3_msgs/srv/detail/goal__rosidl_typesupport_fastrtps_c.h
[8.913s] -- Symlinking: /workspace/practica_2/ros2_ws/install/turtlebot3_msgs/include/turtlebot3_msgs/turtlebot3_msgs/srv/detail/sound__rosidl_typesupport_fastrtps_c.h
[8.924s] -- Symlinking: /workspace/practica_2/ros2_ws/install/turtlebot3_msgs/include/turtlebot3_msgs/turtlebot3_msgs/action/detail/patrol__builder.hpp
[8.935s] -- Symlinking: /workspace/practica_2/ros2_ws/install/turtlebot3_msgs/include/turtlebot3_msgs/turtlebot3_msgs/action/detail/patrol__struct.hpp
[8.949s] -- Symlinking: /workspace/practica_2/ros2_ws/install/turtlebot3_msgs/include/turtlebot3_msgs/turtlebot3_msgs/action/detail/patrol__traits.hpp
[8.963s] -- Symlinking: /workspace/practica_2/ros2_ws/install/turtlebot3_msgs/include/turtlebot3_msgs/turtlebot3_msgs/action/detail/patrol__type_support.hpp
[8.975s] -- Symlinking: /workspace/practica_2/ros2_ws/install/turtlebot3_msgs/include/turtlebot3_msgs/turtlebot3_msgs/action/patrol.hpp
[8.984s] -- Symlinking: /workspace/practica_2/ros2_ws/install/turtlebot3_msgs/include/turtlebot3_msgs/turtlebot3_msgs/msg/detail/sensor_state__builder.hpp
[8.994s] -- Symlinking: /workspace/practica_2/ros2_ws/install/turtlebot3_msgs/include/turtlebot3_msgs/turtlebot3_msgs/msg/detail/sensor_state__struct.hpp
[9.003s] -- Symlinking: /workspace/practica_2/ros2_ws/install/turtlebot3_msgs/include/turtlebot3_msgs/turtlebot3_msgs/msg/detail/sensor_state__traits.hpp
[9.012s] -- Symlinking: /workspace/practica_2/ros2_ws/install/turtlebot3_msgs/include/turtlebot3_msgs/turtlebot3_msgs/msg/detail/sensor_state__type_support.hpp
[9.021s] -- Symlinking: /workspace/practica_2/ros2_ws/install/turtlebot3_msgs/include/turtlebot3_msgs/turtlebot3_msgs/msg/detail/sound__builder.hpp
[9.030s] -- Symlinking: /workspace/practica_2/ros2_ws/install/turtlebot3_msgs/include/turtlebot3_msgs/turtlebot3_msgs/msg/detail/sound__struct.hpp
[9.041s] -- Symlinking: /workspace/practica_2/ros2_ws/install/turtlebot3_msgs/include/turtlebot3_msgs/turtlebot3_msgs/msg/detail/sound__traits.hpp
[9.051s] -- Symlinking: /workspace/practica_2/ros2_ws/install/turtlebot3_msgs/include/turtlebot3_msgs/turtlebot3_msgs/msg/detail/sound__type_support.hpp
[9.062s] -- Symlinking: /workspace/practica_2/ros2_ws/install/turtlebot3_msgs/include/turtlebot3_msgs/turtlebot3_msgs/msg/detail/version_info__builder.hpp
[9.070s] -- Symlinking: /workspace/practica_2/ros2_ws/install/turtlebot3_msgs/include/turtlebot3_msgs/turtlebot3_msgs/msg/detail/version_info__struct.hpp
[9.081s] -- Symlinking: /workspace/practica_2/ros2_ws/install/turtlebot3_msgs/include/turtlebot3_msgs/turtlebot3_msgs/msg/detail/version_info__traits.hpp
[9.089s] -- Symlinking: /workspace/practica_2/ros2_ws/install/turtlebot3_msgs/include/turtlebot3_msgs/turtlebot3_msgs/msg/detail/version_info__type_support.hpp
[9.101s] -- Symlinking: /workspace/practica_2/ros2_ws/install/turtlebot3_msgs/include/turtlebot3_msgs/turtlebot3_msgs/msg/rosidl_generator_cpp__visibility_control.hpp
[9.113s] -- Symlinking: /workspace/practica_2/ros2_ws/install/turtlebot3_msgs/include/turtlebot3_msgs/turtlebot3_msgs/msg/sensor_state.hpp
[9.123s] -- Symlinking: /workspace/practica_2/ros2_ws/install/turtlebot3_msgs/include/turtlebot3_msgs/turtlebot3_msgs/msg/sound.hpp
[9.134s] -- Symlinking: /workspace/practica_2/ros2_ws/install/turtlebot3_msgs/include/turtlebot3_msgs/turtlebot3_msgs/msg/version_info.hpp
[9.143s] -- Symlinking: /workspace/practica_2/ros2_ws/install/turtlebot3_msgs/include/turtlebot3_msgs/turtlebot3_msgs/srv/detail/dqn__builder.hpp
[9.153s] -- Symlinking: /workspace/practica_2/ros2_ws/install/turtlebot3_msgs/include/turtlebot3_msgs/turtlebot3_msgs/srv/detail/dqn__struct.hpp
[9.163s] -- Symlinking: /workspace/practica_2/ros2_ws/install/turtlebot3_msgs/include/turtlebot3_msgs/turtlebot3_msgs/srv/detail/dqn__traits.hpp
[9.172s] -- Symlinking: /workspace/practica_2/ros2_ws/install/turtlebot3_msgs/include/turtlebot3_msgs/turtlebot3_msgs/srv/detail/dqn__type_support.hpp
[9.185s] -- Symlinking: /workspace/practica_2/ros2_ws/install/turtlebot3_msgs/include/turtlebot3_msgs/turtlebot3_msgs/srv/detail/goal__builder.hpp
[9.196s] -- Symlinking: /workspace/practica_2/ros2_ws/install/turtlebot3_msgs/include/turtlebot3_msgs/turtlebot3_msgs/srv/detail/goal__struct.hpp
[9.205s] -- Symlinking: /workspace/practica_2/ros2_ws/install/turtlebot3_msgs/include/turtlebot3_msgs/turtlebot3_msgs/srv/detail/goal__traits.hpp
[9.216s] -- Symlinking: /workspace/practica_2/ros2_ws/install/turtlebot3_msgs/include/turtlebot3_msgs/turtlebot3_msgs/srv/detail/goal__type_support.hpp
[9.224s] -- Symlinking: /workspace/practica_2/ros2_ws/install/turtlebot3_msgs/include/turtlebot3_msgs/turtlebot3_msgs/srv/detail/sound__builder.hpp
[9.236s] -- Symlinking: /workspace/practica_2/ros2_ws/install/turtlebot3_msgs/include/turtlebot3_msgs/turtlebot3_msgs/srv/detail/sound__struct.hpp
[9.245s] -- Symlinking: /workspace/practica_2/ros2_ws/install/turtlebot3_msgs/include/turtlebot3_msgs/turtlebot3_msgs/srv/detail/sound__traits.hpp
[9.257s] -- Symlinking: /workspace/practica_2/ros2_ws/install/turtlebot3_msgs/include/turtlebot3_msgs/turtlebot3_msgs/srv/detail/sound__type_support.hpp
[9.269s] -- Symlinking: /workspace/practica_2/ros2_ws/install/turtlebot3_msgs/include/turtlebot3_msgs/turtlebot3_msgs/srv/dqn.hpp
[9.282s] -- Symlinking: /workspace/practica_2/ros2_ws/install/turtlebot3_msgs/include/turtlebot3_msgs/turtlebot3_msgs/srv/goal.hpp
[9.294s] -- Symlinking: /workspace/practica_2/ros2_ws/install/turtlebot3_msgs/include/turtlebot3_msgs/turtlebot3_msgs/srv/sound.hpp
[9.308s] -- Symlinking: /workspace/practica_2/ros2_ws/install/turtlebot3_msgs/include/turtlebot3_msgs/turtlebot3_msgs/action/detail/patrol__rosidl_typesupport_fastrtps_cpp.hpp
[9.322s] -- Symlinking: /workspace/practica_2/ros2_ws/install/turtlebot3_msgs/include/turtlebot3_msgs/turtlebot3_msgs/msg/detail/sensor_state__rosidl_typesupport_fastrtps_cpp.hpp
[9.334s] -- Symlinking: /workspace/practica_2/ros2_ws/install/turtlebot3_msgs/include/turtlebot3_msgs/turtlebot3_msgs/msg/detail/sound__rosidl_typesupport_fastrtps_cpp.hpp
[9.344s] -- Symlinking: /workspace/practica_2/ros2_ws/install/turtlebot3_msgs/include/turtlebot3_msgs/turtlebot3_msgs/msg/detail/version_info__rosidl_typesupport_fastrtps_cpp.hpp
[9.357s] -- Symlinking: /workspace/practica_2/ros2_ws/install/turtlebot3_msgs/include/turtlebot3_msgs/turtlebot3_msgs/msg/rosidl_typesupport_fastrtps_cpp__visibility_control.h
[9.366s] -- Symlinking: /workspace/practica_2/ros2_ws/install/turtlebot3_msgs/include/turtlebot3_msgs/turtlebot3_msgs/srv/detail/dqn__rosidl_typesupport_fastrtps_cpp.hpp
[9.378s] -- Symlinking: /workspace/practica_2/ros2_ws/install/turtlebot3_msgs/include/turtlebot3_msgs/turtlebot3_msgs/srv/detail/goal__rosidl_typesupport_fastrtps_cpp.hpp
[9.387s] -- Symlinking: /workspace/practica_2/ros2_ws/install/turtlebot3_msgs/include/turtlebot3_msgs/turtlebot3_msgs/srv/detail/sound__rosidl_typesupport_fastrtps_cpp.hpp
[9.396s] -- Symlinking: /workspace/practica_2/ros2_ws/install/turtlebot3_msgs/include/turtlebot3_msgs/turtlebot3_msgs/action/detail/patrol__rosidl_typesupport_introspection_c.h
[9.405s] -- Symlinking: /workspace/practica_2/ros2_ws/install/turtlebot3_msgs/include/turtlebot3_msgs/turtlebot3_msgs/msg/detail/sensor_state__rosidl_typesupport_introspection_c.h
[9.415s] -- Symlinking: /workspace/practica_2/ros2_ws/install/turtlebot3_msgs/include/turtlebot3_msgs/turtlebot3_msgs/msg/detail/sound__rosidl_typesupport_introspection_c.h
[9.425s] -- Symlinking: /workspace/practica_2/ros2_ws/install/turtlebot3_msgs/include/turtlebot3_msgs/turtlebot3_msgs/msg/detail/version_info__rosidl_typesupport_introspection_c.h
[9.437s] -- Symlinking: /workspace/practica_2/ros2_ws/install/turtlebot3_msgs/include/turtlebot3_msgs/turtlebot3_msgs/msg/rosidl_typesupport_introspection_c__visibility_control.h
[9.447s] -- Symlinking: /workspace/practica_2/ros2_ws/install/turtlebot3_msgs/include/turtlebot3_msgs/turtlebot3_msgs/srv/detail/dqn__rosidl_typesupport_introspection_c.h
[9.460s] -- Symlinking: /workspace/practica_2/ros2_ws/install/turtlebot3_msgs/include/turtlebot3_msgs/turtlebot3_msgs/srv/detail/goal__rosidl_typesupport_introspection_c.h
[9.472s] -- Symlinking: /workspace/practica_2/ros2_ws/install/turtlebot3_msgs/include/turtlebot3_msgs/turtlebot3_msgs/srv/detail/sound__rosidl_typesupport_introspection_c.h
[9.482s] -- Symlinking: /workspace/practica_2/ros2_ws/install/turtlebot3_msgs/include/turtlebot3_msgs/turtlebot3_msgs/action/detail/patrol__rosidl_typesupport_introspection_cpp.hpp
[9.496s] -- Symlinking: /workspace/practica_2/ros2_ws/install/turtlebot3_msgs/include/turtlebot3_msgs/turtlebot3_msgs/msg/detail/sensor_state__rosidl_typesupport_introspection_cpp.hpp
[9.505s] -- Symlinking: /workspace/practica_2/ros2_ws/install/turtlebot3_msgs/include/turtlebot3_msgs/turtlebot3_msgs/msg/detail/sound__rosidl_typesupport_introspection_cpp.hpp
[9.514s] -- Symlinking: /workspace/practica_2/ros2_ws/install/turtlebot3_msgs/include/turtlebot3_msgs/turtlebot3_msgs/msg/detail/version_info__rosidl_typesupport_introspection_cpp.hpp
[9.527s] -- Symlinking: /workspace/practica_2/ros2_ws/install/turtlebot3_msgs/include/turtlebot3_msgs/turtlebot3_msgs/srv/detail/dqn__rosidl_typesupport_introspection_cpp.hpp
[9.539s] -- Symlinking: /workspace/practica_2/ros2_ws/install/turtlebot3_msgs/include/turtlebot3_msgs/turtlebot3_msgs/srv/detail/goal__rosidl_typesupport_introspection_cpp.hpp
[9.550s] -- Symlinking: /workspace/practica_2/ros2_ws/install/turtlebot3_msgs/include/turtlebot3_msgs/turtlebot3_msgs/srv/detail/sound__rosidl_typesupport_introspection_cpp.hpp
[9.563s] -- Symlinking: /workspace/practica_2/ros2_ws/install/turtlebot3_msgs/share/turtlebot3_msgs/environment/pythonpath.sh
[9.575s] -- Symlinking: /workspace/practica_2/ros2_ws/install/turtlebot3_msgs/share/turtlebot3_msgs/environment/pythonpath.dsv
[9.586s] -- Symlinking: /workspace/practica_2/ros2_ws/install/turtlebot3_msgs/local/lib/python3.10/dist-packages/turtlebot3_msgs-2.4.0-py3.10.egg-info/PKG-INFO
[9.598s] -- Symlinking: /workspace/practica_2/ros2_ws/install/turtlebot3_msgs/local/lib/python3.10/dist-packages/turtlebot3_msgs-2.4.0-py3.10.egg-info/SOURCES.txt
[9.609s] -- Symlinking: /workspace/practica_2/ros2_ws/install/turtlebot3_msgs/local/lib/python3.10/dist-packages/turtlebot3_msgs-2.4.0-py3.10.egg-info/dependency_links.txt
[9.621s] -- Symlinking: /workspace/practica_2/ros2_ws/install/turtlebot3_msgs/local/lib/python3.10/dist-packages/turtlebot3_msgs-2.4.0-py3.10.egg-info/top_level.txt
[9.633s] -- Symlinking: /workspace/practica_2/ros2_ws/install/turtlebot3_msgs/local/lib/python3.10/dist-packages/turtlebot3_msgs/__init__.py
[9.644s] -- Symlinking: /workspace/practica_2/ros2_ws/install/turtlebot3_msgs/local/lib/python3.10/dist-packages/turtlebot3_msgs/_turtlebot3_msgs_s.ep.rosidl_typesupport_c.c
[9.658s] -- Symlinking: /workspace/practica_2/ros2_ws/install/turtlebot3_msgs/local/lib/python3.10/dist-packages/turtlebot3_msgs/_turtlebot3_msgs_s.ep.rosidl_typesupport_fastrtps_c.c
[9.669s] -- Symlinking: /workspace/practica_2/ros2_ws/install/turtlebot3_msgs/local/lib/python3.10/dist-packages/turtlebot3_msgs/_turtlebot3_msgs_s.ep.rosidl_typesupport_introspection_c.c
[9.679s] -- Symlinking: /workspace/practica_2/ros2_ws/install/turtlebot3_msgs/local/lib/python3.10/dist-packages/turtlebot3_msgs/action/__init__.py
[9.689s] -- Symlinking: /workspace/practica_2/ros2_ws/install/turtlebot3_msgs/local/lib/python3.10/dist-packages/turtlebot3_msgs/action/_patrol.py
[9.702s] -- Symlinking: /workspace/practica_2/ros2_ws/install/turtlebot3_msgs/local/lib/python3.10/dist-packages/turtlebot3_msgs/action/_patrol_s.c
[9.716s] -- Symlinking: /workspace/practica_2/ros2_ws/install/turtlebot3_msgs/local/lib/python3.10/dist-packages/turtlebot3_msgs/libturtlebot3_msgs__rosidl_generator_py.so
[9.728s] -- Symlinking: /workspace/practica_2/ros2_ws/install/turtlebot3_msgs/local/lib/python3.10/dist-packages/turtlebot3_msgs/msg/__init__.py
[9.741s] -- Symlinking: /workspace/practica_2/ros2_ws/install/turtlebot3_msgs/local/lib/python3.10/dist-packages/turtlebot3_msgs/msg/_sensor_state.py
[9.752s] -- Symlinking: /workspace/practica_2/ros2_ws/install/turtlebot3_msgs/local/lib/python3.10/dist-packages/turtlebot3_msgs/msg/_sensor_state_s.c
[9.762s] -- Symlinking: /workspace/practica_2/ros2_ws/install/turtlebot3_msgs/local/lib/python3.10/dist-packages/turtlebot3_msgs/msg/_sound.py
[9.771s] -- Symlinking: /workspace/practica_2/ros2_ws/install/turtlebot3_msgs/local/lib/python3.10/dist-packages/turtlebot3_msgs/msg/_sound_s.c
[9.781s] -- Symlinking: /workspace/practica_2/ros2_ws/install/turtlebot3_msgs/local/lib/python3.10/dist-packages/turtlebot3_msgs/msg/_version_info.py
[9.794s] -- Symlinking: /workspace/practica_2/ros2_ws/install/turtlebot3_msgs/local/lib/python3.10/dist-packages/turtlebot3_msgs/msg/_version_info_s.c
[9.808s] -- Symlinking: /workspace/practica_2/ros2_ws/install/turtlebot3_msgs/local/lib/python3.10/dist-packages/turtlebot3_msgs/srv/__init__.py
[9.820s] -- Symlinking: /workspace/practica_2/ros2_ws/install/turtlebot3_msgs/local/lib/python3.10/dist-packages/turtlebot3_msgs/srv/_dqn.py
[9.834s] -- Symlinking: /workspace/practica_2/ros2_ws/install/turtlebot3_msgs/local/lib/python3.10/dist-packages/turtlebot3_msgs/srv/_dqn_s.c
[9.843s] -- Symlinking: /workspace/practica_2/ros2_ws/install/turtlebot3_msgs/local/lib/python3.10/dist-packages/turtlebot3_msgs/srv/_goal.py
[9.854s] -- Symlinking: /workspace/practica_2/ros2_ws/install/turtlebot3_msgs/local/lib/python3.10/dist-packages/turtlebot3_msgs/srv/_goal_s.c
[9.866s] -- Symlinking: /workspace/practica_2/ros2_ws/install/turtlebot3_msgs/local/lib/python3.10/dist-packages/turtlebot3_msgs/srv/_sound.py
[9.875s] -- Symlinking: /workspace/practica_2/ros2_ws/install/turtlebot3_msgs/local/lib/python3.10/dist-packages/turtlebot3_msgs/srv/_sound_s.c
[9.884s] -- Symlinking: /workspace/practica_2/ros2_ws/install/turtlebot3_msgs/local/lib/python3.10/dist-packages/turtlebot3_msgs/turtlebot3_msgs_s__rosidl_typesupport_c.cpython-310-x86_64-linux-gnu.so
[9.894s] -- Symlinking: /workspace/practica_2/ros2_ws/install/turtlebot3_msgs/local/lib/python3.10/dist-packages/turtlebot3_msgs/turtlebot3_msgs_s__rosidl_typesupport_fastrtps_c.cpython-310-x86_64-linux-gnu.so
[9.905s] -- Symlinking: /workspace/practica_2/ros2_ws/install/turtlebot3_msgs/local/lib/python3.10/dist-packages/turtlebot3_msgs/turtlebot3_msgs_s__rosidl_typesupport_introspection_c.cpython-310-x86_64-linux-gnu.so
[9.914s] -- Up-to-date symlink: /workspace/practica_2/ros2_ws/install/turtlebot3_msgs/local/lib/python3.10/dist-packages/turtlebot3_msgs/turtlebot3_msgs_s__rosidl_typesupport_fastrtps_c.cpython-310-x86_64-linux-gnu.so
[9.915s] -- Up-to-date symlink: /workspace/practica_2/ros2_ws/install/turtlebot3_msgs/local/lib/python3.10/dist-packages/turtlebot3_msgs/turtlebot3_msgs_s__rosidl_typesupport_introspection_c.cpython-310-x86_64-linux-gnu.so
[9.915s] -- Up-to-date symlink: /workspace/practica_2/ros2_ws/install/turtlebot3_msgs/local/lib/python3.10/dist-packages/turtlebot3_msgs/turtlebot3_msgs_s__rosidl_typesupport_c.cpython-310-x86_64-linux-gnu.so
[9.916s] -- Symlinking: /workspace/practica_2/ros2_ws/install/turtlebot3_msgs/share/ament_index/resource_index/rust_packages/turtlebot3_msgs
[9.927s] -- Symlinking: /workspace/practica_2/ros2_ws/install/turtlebot3_msgs/share/turtlebot3_msgs/rust/Cargo.toml
[9.939s] -- Symlinking: /workspace/practica_2/ros2_ws/install/turtlebot3_msgs/share/turtlebot3_msgs/rust/build.rs
[9.952s] -- Symlinking: /workspace/practica_2/ros2_ws/install/turtlebot3_msgs/share/turtlebot3_msgs/rust/src/action.rs
[9.963s] -- Symlinking: /workspace/practica_2/ros2_ws/install/turtlebot3_msgs/share/turtlebot3_msgs/rust/src/action/rmw.rs
[9.972s] -- Symlinking: /workspace/practica_2/ros2_ws/install/turtlebot3_msgs/share/turtlebot3_msgs/rust/src/lib.rs
[9.985s] -- Symlinking: /workspace/practica_2/ros2_ws/install/turtlebot3_msgs/share/turtlebot3_msgs/rust/src/msg.rs
[9.997s] -- Symlinking: /workspace/practica_2/ros2_ws/install/turtlebot3_msgs/share/turtlebot3_msgs/rust/src/msg/rmw.rs
[10.007s] -- Symlinking: /workspace/practica_2/ros2_ws/install/turtlebot3_msgs/share/turtlebot3_msgs/rust/src/srv.rs
[10.017s] -- Symlinking: /workspace/practica_2/ros2_ws/install/turtlebot3_msgs/share/turtlebot3_msgs/rust/src/srv/rmw.rs
[10.031s] -- Symlinking: /workspace/practica_2/ros2_ws/install/turtlebot3_msgs/share/turtlebot3_msgs/msg/SensorState.idl
[10.043s] -- Symlinking: /workspace/practica_2/ros2_ws/install/turtlebot3_msgs/share/turtlebot3_msgs/msg/Sound.idl
[10.055s] -- Symlinking: /workspace/practica_2/ros2_ws/install/turtlebot3_msgs/share/turtlebot3_msgs/msg/VersionInfo.idl
[10.069s] -- Symlinking: /workspace/practica_2/ros2_ws/install/turtlebot3_msgs/share/turtlebot3_msgs/srv/Sound.idl
[10.079s] -- Symlinking: /workspace/practica_2/ros2_ws/install/turtlebot3_msgs/share/turtlebot3_msgs/srv/Dqn.idl
[10.091s] -- Symlinking: /workspace/practica_2/ros2_ws/install/turtlebot3_msgs/share/turtlebot3_msgs/srv/Goal.idl
[10.104s] -- Symlinking: /workspace/practica_2/ros2_ws/install/turtlebot3_msgs/share/turtlebot3_msgs/action/Patrol.idl
[10.114s] -- Symlinking: /workspace/practica_2/ros2_ws/install/turtlebot3_msgs/share/turtlebot3_msgs/msg/SensorState.msg
[10.124s] -- Symlinking: /workspace/practica_2/ros2_ws/install/turtlebot3_msgs/share/turtlebot3_msgs/msg/Sound.msg
[10.134s] -- Symlinking: /workspace/practica_2/ros2_ws/install/turtlebot3_msgs/share/turtlebot3_msgs/msg/VersionInfo.msg
[10.145s] -- Symlinking: /workspace/practica_2/ros2_ws/install/turtlebot3_msgs/share/turtlebot3_msgs/srv/Sound.srv
[10.157s] -- Symlinking: /workspace/practica_2/ros2_ws/install/turtlebot3_msgs/share/turtlebot3_msgs/srv/Sound_Request.msg
[10.170s] -- Symlinking: /workspace/practica_2/ros2_ws/install/turtlebot3_msgs/share/turtlebot3_msgs/srv/Sound_Response.msg
[10.181s] -- Symlinking: /workspace/practica_2/ros2_ws/install/turtlebot3_msgs/share/turtlebot3_msgs/srv/Dqn.srv
[10.192s] -- Symlinking: /workspace/practica_2/ros2_ws/install/turtlebot3_msgs/share/turtlebot3_msgs/srv/Dqn_Request.msg
[10.202s] -- Symlinking: /workspace/practica_2/ros2_ws/install/turtlebot3_msgs/share/turtlebot3_msgs/srv/Dqn_Response.msg
[10.214s] -- Symlinking: /workspace/practica_2/ros2_ws/install/turtlebot3_msgs/share/turtlebot3_msgs/srv/Goal.srv
[10.226s] -- Symlinking: /workspace/practica_2/ros2_ws/install/turtlebot3_msgs/share/turtlebot3_msgs/srv/Goal_Request.msg
[10.236s] -- Symlinking: /workspace/practica_2/ros2_ws/install/turtlebot3_msgs/share/turtlebot3_msgs/srv/Goal_Response.msg
[10.246s] -- Symlinking: /workspace/practica_2/ros2_ws/install/turtlebot3_msgs/share/turtlebot3_msgs/action/Patrol.action
[10.261s] -- Symlinking: /workspace/practica_2/ros2_ws/install/turtlebot3_msgs/share/ament_index/resource_index/package_run_dependencies/turtlebot3_msgs
[10.272s] -- Symlinking: /workspace/practica_2/ros2_ws/install/turtlebot3_msgs/share/ament_index/resource_index/parent_prefix_path/turtlebot3_msgs
[10.284s] -- Symlinking: /workspace/practica_2/ros2_ws/install/turtlebot3_msgs/share/turtlebot3_msgs/environment/ament_prefix_path.sh
[10.297s] -- Symlinking: /workspace/practica_2/ros2_ws/install/turtlebot3_msgs/share/turtlebot3_msgs/environment/ament_prefix_path.dsv
[10.310s] -- Symlinking: /workspace/practica_2/ros2_ws/install/turtlebot3_msgs/share/turtlebot3_msgs/environment/path.sh
[10.321s] -- Symlinking: /workspace/practica_2/ros2_ws/install/turtlebot3_msgs/share/turtlebot3_msgs/environment/path.dsv
[10.333s] -- Symlinking: /workspace/practica_2/ros2_ws/install/turtlebot3_msgs/share/turtlebot3_msgs/local_setup.bash
[10.346s] -- Symlinking: /workspace/practica_2/ros2_ws/install/turtlebot3_msgs/share/turtlebot3_msgs/local_setup.sh
[10.356s] -- Symlinking: /workspace/practica_2/ros2_ws/install/turtlebot3_msgs/share/turtlebot3_msgs/local_setup.zsh
[10.365s] -- Symlinking: /workspace/practica_2/ros2_ws/install/turtlebot3_msgs/share/turtlebot3_msgs/local_setup.dsv
[10.375s] -- Symlinking: /workspace/practica_2/ros2_ws/install/turtlebot3_msgs/share/turtlebot3_msgs/package.dsv
[10.386s] -- Symlinking: /workspace/practica_2/ros2_ws/install/turtlebot3_msgs/share/ament_index/resource_index/packages/turtlebot3_msgs
[10.396s] -- Symlinking: /workspace/practica_2/ros2_ws/install/turtlebot3_msgs/share/turtlebot3_msgs/cmake/rosidl_cmake-extras.cmake
[10.405s] -- Symlinking: /workspace/practica_2/ros2_ws/install/turtlebot3_msgs/share/turtlebot3_msgs/cmake/ament_cmake_export_dependencies-extras.cmake
[10.418s] -- Symlinking: /workspace/practica_2/ros2_ws/install/turtlebot3_msgs/share/turtlebot3_msgs/cmake/ament_cmake_export_include_directories-extras.cmake
[10.430s] -- Symlinking: /workspace/practica_2/ros2_ws/install/turtlebot3_msgs/share/turtlebot3_msgs/cmake/ament_cmake_export_libraries-extras.cmake
[10.441s] -- Symlinking: /workspace/practica_2/ros2_ws/install/turtlebot3_msgs/share/turtlebot3_msgs/cmake/ament_cmake_export_targets-extras.cmake
[10.453s] -- Symlinking: /workspace/practica_2/ros2_ws/install/turtlebot3_msgs/share/turtlebot3_msgs/cmake/rosidl_cmake_export_typesupport_targets-extras.cmake
[10.467s] -- Symlinking: /workspace/practica_2/ros2_ws/install/turtlebot3_msgs/share/turtlebot3_msgs/cmake/rosidl_cmake_export_typesupport_libraries-extras.cmake
[10.477s] -- Symlinking: /workspace/practica_2/ros2_ws/install/turtlebot3_msgs/share/turtlebot3_msgs/cmake/turtlebot3_msgsConfig.cmake
[10.487s] -- Symlinking: /workspace/practica_2/ros2_ws/install/turtlebot3_msgs/share/turtlebot3_msgs/cmake/turtlebot3_msgsConfig-version.cmake
[10.496s] -- Symlinking: /workspace/practica_2/ros2_ws/install/turtlebot3_msgs/share/turtlebot3_msgs/package.xml
[10.506s] -- Installing: /workspace/practica_2/ros2_ws/install/turtlebot3_msgs/lib/libturtlebot3_msgs__rosidl_generator_c.so
[10.506s] -- Set runtime path of "/workspace/practica_2/ros2_ws/install/turtlebot3_msgs/lib/libturtlebot3_msgs__rosidl_generator_c.so" to ""
[10.507s] -- Installing: /workspace/practica_2/ros2_ws/install/turtlebot3_msgs/lib/libturtlebot3_msgs__rosidl_typesupport_fastrtps_c.so
[10.507s] -- Set runtime path of "/workspace/practica_2/ros2_ws/install/turtlebot3_msgs/lib/libturtlebot3_msgs__rosidl_typesupport_fastrtps_c.so" to ""
[10.507s] -- Installing: /workspace/practica_2/ros2_ws/install/turtlebot3_msgs/lib/libturtlebot3_msgs__rosidl_typesupport_fastrtps_cpp.so
[10.508s] -- Set runtime path of "/workspace/practica_2/ros2_ws/install/turtlebot3_msgs/lib/libturtlebot3_msgs__rosidl_typesupport_fastrtps_cpp.so" to ""
[10.508s] -- Installing: /workspace/practica_2/ros2_ws/install/turtlebot3_msgs/lib/libturtlebot3_msgs__rosidl_typesupport_introspection_c.so
[10.508s] -- Set runtime path of "/workspace/practica_2/ros2_ws/install/turtlebot3_msgs/lib/libturtlebot3_msgs__rosidl_typesupport_introspection_c.so" to ""
[10.508s] -- Installing: /workspace/practica_2/ros2_ws/install/turtlebot3_msgs/lib/libturtlebot3_msgs__rosidl_typesupport_c.so
[10.508s] -- Set runtime path of "/workspace/practica_2/ros2_ws/install/turtlebot3_msgs/lib/libturtlebot3_msgs__rosidl_typesupport_c.so" to ""
[10.508s] -- Installing: /workspace/practica_2/ros2_ws/install/turtlebot3_msgs/lib/libturtlebot3_msgs__rosidl_typesupport_introspection_cpp.so
[10.509s] -- Set runtime path of "/workspace/practica_2/ros2_ws/install/turtlebot3_msgs/lib/libturtlebot3_msgs__rosidl_typesupport_introspection_cpp.so" to ""
[10.509s] -- Installing: /workspace/practica_2/ros2_ws/install/turtlebot3_msgs/lib/libturtlebot3_msgs__rosidl_typesupport_cpp.so
[10.509s] -- Set runtime path of "/workspace/practica_2/ros2_ws/install/turtlebot3_msgs/lib/libturtlebot3_msgs__rosidl_typesupport_cpp.so" to ""
[10.562s] Listing '/workspace/practica_2/ros2_ws/install/turtlebot3_msgs/local/lib/python3.10/dist-packages/turtlebot3_msgs'...
[10.562s] Compiling '/workspace/practica_2/ros2_ws/install/turtlebot3_msgs/local/lib/python3.10/dist-packages/turtlebot3_msgs/__init__.py'...
[10.562s] Listing '/workspace/practica_2/ros2_ws/install/turtlebot3_msgs/local/lib/python3.10/dist-packages/turtlebot3_msgs/action'...
[10.562s] Compiling '/workspace/practica_2/ros2_ws/install/turtlebot3_msgs/local/lib/python3.10/dist-packages/turtlebot3_msgs/action/__init__.py'...
[10.562s] Compiling '/workspace/practica_2/ros2_ws/install/turtlebot3_msgs/local/lib/python3.10/dist-packages/turtlebot3_msgs/action/_patrol.py'...
[10.562s] Listing '/workspace/practica_2/ros2_ws/install/turtlebot3_msgs/local/lib/python3.10/dist-packages/turtlebot3_msgs/msg'...
[10.562s] Compiling '/workspace/practica_2/ros2_ws/install/turtlebot3_msgs/local/lib/python3.10/dist-packages/turtlebot3_msgs/msg/__init__.py'...
[10.562s] Compiling '/workspace/practica_2/ros2_ws/install/turtlebot3_msgs/local/lib/python3.10/dist-packages/turtlebot3_msgs/msg/_sensor_state.py'...
[10.562s] Compiling '/workspace/practica_2/ros2_ws/install/turtlebot3_msgs/local/lib/python3.10/dist-packages/turtlebot3_msgs/msg/_sound.py'...
[10.562s] Compiling '/workspace/practica_2/ros2_ws/install/turtlebot3_msgs/local/lib/python3.10/dist-packages/turtlebot3_msgs/msg/_version_info.py'...
[10.562s] Listing '/workspace/practica_2/ros2_ws/install/turtlebot3_msgs/local/lib/python3.10/dist-packages/turtlebot3_msgs/srv'...
[10.562s] Compiling '/workspace/practica_2/ros2_ws/install/turtlebot3_msgs/local/lib/python3.10/dist-packages/turtlebot3_msgs/srv/__init__.py'...
[10.563s] Compiling '/workspace/practica_2/ros2_ws/install/turtlebot3_msgs/local/lib/python3.10/dist-packages/turtlebot3_msgs/srv/_dqn.py'...
[10.563s] Compiling '/workspace/practica_2/ros2_ws/install/turtlebot3_msgs/local/lib/python3.10/dist-packages/turtlebot3_msgs/srv/_goal.py'...
[10.563s] Compiling '/workspace/practica_2/ros2_ws/install/turtlebot3_msgs/local/lib/python3.10/dist-packages/turtlebot3_msgs/srv/_sound.py'...
[10.566s] -- Installing: /workspace/practica_2/ros2_ws/install/turtlebot3_msgs/lib/libturtlebot3_msgs__rosidl_generator_py.so
[10.567s] -- Set runtime path of "/workspace/practica_2/ros2_ws/install/turtlebot3_msgs/lib/libturtlebot3_msgs__rosidl_generator_py.so" to ""
[10.567s] -- Installing: /workspace/practica_2/ros2_ws/install/turtlebot3_msgs/share/turtlebot3_msgs/cmake/export_turtlebot3_msgs__rosidl_generator_cExport.cmake
[10.567s] -- Installing: /workspace/practica_2/ros2_ws/install/turtlebot3_msgs/share/turtlebot3_msgs/cmake/export_turtlebot3_msgs__rosidl_generator_cExport-noconfig.cmake
[10.568s] -- Installing: /workspace/practica_2/ros2_ws/install/turtlebot3_msgs/share/turtlebot3_msgs/cmake/export_turtlebot3_msgs__rosidl_typesupport_fastrtps_cExport.cmake
[10.568s] -- Installing: /workspace/practica_2/ros2_ws/install/turtlebot3_msgs/share/turtlebot3_msgs/cmake/export_turtlebot3_msgs__rosidl_typesupport_fastrtps_cExport-noconfig.cmake
[10.568s] -- Installing: /workspace/practica_2/ros2_ws/install/turtlebot3_msgs/share/turtlebot3_msgs/cmake/export_turtlebot3_msgs__rosidl_generator_cppExport.cmake
[10.569s] -- Installing: /workspace/practica_2/ros2_ws/install/turtlebot3_msgs/share/turtlebot3_msgs/cmake/export_turtlebot3_msgs__rosidl_typesupport_fastrtps_cppExport.cmake
[10.569s] -- Installing: /workspace/practica_2/ros2_ws/install/turtlebot3_msgs/share/turtlebot3_msgs/cmake/export_turtlebot3_msgs__rosidl_typesupport_fastrtps_cppExport-noconfig.cmake
[10.569s] -- Installing: /workspace/practica_2/ros2_ws/install/turtlebot3_msgs/share/turtlebot3_msgs/cmake/turtlebot3_msgs__rosidl_typesupport_introspection_cExport.cmake
[10.570s] -- Installing: /workspace/practica_2/ros2_ws/install/turtlebot3_msgs/share/turtlebot3_msgs/cmake/turtlebot3_msgs__rosidl_typesupport_introspection_cExport-noconfig.cmake
[10.570s] -- Installing: /workspace/practica_2/ros2_ws/install/turtlebot3_msgs/share/turtlebot3_msgs/cmake/turtlebot3_msgs__rosidl_typesupport_cExport.cmake
[10.570s] -- Installing: /workspace/practica_2/ros2_ws/install/turtlebot3_msgs/share/turtlebot3_msgs/cmake/turtlebot3_msgs__rosidl_typesupport_cExport-noconfig.cmake
[10.570s] -- Installing: /workspace/practica_2/ros2_ws/install/turtlebot3_msgs/share/turtlebot3_msgs/cmake/turtlebot3_msgs__rosidl_typesupport_introspection_cppExport.cmake
[10.570s] -- Installing: /workspace/practica_2/ros2_ws/install/turtlebot3_msgs/share/turtlebot3_msgs/cmake/turtlebot3_msgs__rosidl_typesupport_introspection_cppExport-noconfig.cmake
[10.570s] -- Installing: /workspace/practica_2/ros2_ws/install/turtlebot3_msgs/share/turtlebot3_msgs/cmake/turtlebot3_msgs__rosidl_typesupport_cppExport.cmake
[10.570s] -- Installing: /workspace/practica_2/ros2_ws/install/turtlebot3_msgs/share/turtlebot3_msgs/cmake/turtlebot3_msgs__rosidl_typesupport_cppExport-noconfig.cmake
[10.571s] -- Installing: /workspace/practica_2/ros2_ws/install/turtlebot3_msgs/share/turtlebot3_msgs/cmake/export_turtlebot3_msgs__rosidl_generator_pyExport.cmake
[10.571s] -- Installing: /workspace/practica_2/ros2_ws/install/turtlebot3_msgs/share/turtlebot3_msgs/cmake/export_turtlebot3_msgs__rosidl_generator_pyExport-noconfig.cmake
[10.575s] Invoked command in '/workspace/practica_2/ros2_ws/build/turtlebot3_msgs' returned '0': CMAKE_PREFIX_PATH=/opt/ros/humble /usr/bin/cmake --install /workspace/practica_2/ros2_ws/build/turtlebot3_msgs
