[0.034s] Invoking command in '/workspace/practica_2/ros2_ws/build/turtlebot3_description': CMAKE_PREFIX_PATH=/opt/ros/humble /usr/bin/cmake /workspace/practica_2/ros2_ws/src/turtlebot3/turtlebot3_description -DAMENT_CMAKE_SYMLINK_INSTALL=1 -DCMAKE_INSTALL_PREFIX=/workspace/practica_2/ros2_ws/install/turtlebot3_description
[0.265s] -- The C compiler identification is GNU 11.4.0
[0.395s] -- The CXX compiler identification is GNU 11.4.0
[0.407s] -- Detecting C compiler ABI info
[0.502s] -- Detecting C compiler ABI info - done
[0.509s] -- Check for working C compiler: /usr/bin/cc - skipped
[0.510s] -- Detecting C compile features
[0.511s] -- Detecting C compile features - done
[0.514s] -- Detecting CXX compiler ABI info
[0.590s] -- Detecting CXX compiler ABI info - done
[0.596s] -- Check for working CXX compiler: /usr/bin/c++ - skipped
[0.597s] -- Detecting CXX compile features
[0.597s] -- Detecting CXX compile features - done
[0.608s] -- Found ament_cmake: 1.3.14 (/opt/ros/humble/share/ament_cmake/cmake)
[0.754s] -- Found Python3: /usr/bin/python3 (found version "3.10.12") found components: Interpreter 
[0.827s] -- Override CMake install command with custom implementation using symlinks instead of copying resources
[0.903s] -- Found urdf: 2.6.1 (/opt/ros/humble/share/urdf/cmake)
[1.067s] -- Configuring done
[1.071s] -- Generating done
[1.073s] -- Build files have been written to: /workspace/practica_2/ros2_ws/build/turtlebot3_description
[1.078s] Invoked command in '/workspace/practica_2/ros2_ws/build/turtlebot3_description' returned '0': CMAKE_PREFIX_PATH=/opt/ros/humble /usr/bin/cmake /workspace/practica_2/ros2_ws/src/turtlebot3/turtlebot3_description -DAMENT_CMAKE_SYMLINK_INSTALL=1 -DCMAKE_INSTALL_PREFIX=/workspace/practica_2/ros2_ws/install/turtlebot3_description
[1.081s] Invoking command in '/workspace/practica_2/ros2_ws/build/turtlebot3_description': CMAKE_PREFIX_PATH=/opt/ros/humble /usr/bin/cmake --build /workspace/practica_2/ros2_ws/build/turtlebot3_description -- -j16 -l16
[1.114s] Invoked command in '/workspace/practica_2/ros2_ws/build/turtlebot3_description' returned '0': CMAKE_PREFIX_PATH=/opt/ros/humble /usr/bin/cmake --build /workspace/practica_2/ros2_ws/build/turtlebot3_description -- -j16 -l16
[1.116s] Invoking command in '/workspace/practica_2/ros2_ws/build/turtlebot3_description': CMAKE_PREFIX_PATH=/opt/ros/humble /usr/bin/cmake --install /workspace/practica_2/ros2_ws/build/turtlebot3_description
[1.123s] -- Install configuration: ""
[1.123s] -- Execute custom install script
[1.126s] -- Symlinking: /workspace/practica_2/ros2_ws/install/turtlebot3_description/share/turtlebot3_description/meshes/bases/burger_base.stl
[1.134s] -- Symlinking: /workspace/practica_2/ros2_ws/install/turtlebot3_description/share/turtlebot3_description/meshes/bases/waffle_base.stl
[1.144s] -- Symlinking: /workspace/practica_2/ros2_ws/install/turtlebot3_description/share/turtlebot3_description/meshes/bases/waffle_pi_base.stl
[1.152s] -- Symlinking: /workspace/practica_2/ros2_ws/install/turtlebot3_description/share/turtlebot3_description/meshes/sensors/astra.dae
[1.162s] -- Symlinking: /workspace/practica_2/ros2_ws/install/turtlebot3_description/share/turtlebot3_description/meshes/sensors/astra.jpg
[1.169s] -- Symlinking: /workspace/practica_2/ros2_ws/install/turtlebot3_description/share/turtlebot3_description/meshes/sensors/lds.stl
[1.177s] -- Symlinking: /workspace/practica_2/ros2_ws/install/turtlebot3_description/share/turtlebot3_description/meshes/sensors/r200.dae
[1.185s] -- Symlinking: /workspace/practica_2/ros2_ws/install/turtlebot3_description/share/turtlebot3_description/meshes/sensors/r200.jpg
[1.193s] -- Symlinking: /workspace/practica_2/ros2_ws/install/turtlebot3_description/share/turtlebot3_description/meshes/wheels/left_tire.stl
[1.201s] -- Symlinking: /workspace/practica_2/ros2_ws/install/turtlebot3_description/share/turtlebot3_description/meshes/wheels/right_tire.stl
[1.209s] -- Symlinking: /workspace/practica_2/ros2_ws/install/turtlebot3_description/share/turtlebot3_description/rviz/model.rviz
[1.219s] -- Symlinking: /workspace/practica_2/ros2_ws/install/turtlebot3_description/share/turtlebot3_description/urdf/common_properties.urdf
[1.228s] -- Symlinking: /workspace/practica_2/ros2_ws/install/turtlebot3_description/share/turtlebot3_description/urdf/turtlebot3_burger.urdf
[1.236s] -- Symlinking: /workspace/practica_2/ros2_ws/install/turtlebot3_description/share/turtlebot3_description/urdf/turtlebot3_waffle.urdf
[1.243s] -- Symlinking: /workspace/practica_2/ros2_ws/install/turtlebot3_description/share/turtlebot3_description/urdf/turtlebot3_waffle_pi.urdf
[1.251s] -- Symlinking: /workspace/practica_2/ros2_ws/install/turtlebot3_description/share/ament_index/resource_index/package_run_dependencies/turtlebot3_description
[1.260s] -- Symlinking: /workspace/practica_2/ros2_ws/install/turtlebot3_description/share/ament_index/resource_index/parent_prefix_path/turtlebot3_description
[1.272s] -- Symlinking: /workspace/practica_2/ros2_ws/install/turtlebot3_description/share/turtlebot3_description/environment/ament_prefix_path.sh
[1.280s] -- Symlinking: /workspace/practica_2/ros2_ws/install/turtlebot3_description/share/turtlebot3_description/environment/ament_prefix_path.dsv
[1.289s] -- Symlinking: /workspace/practica_2/ros2_ws/install/turtlebot3_description/share/turtlebot3_description/environment/path.sh
[1.296s] -- Symlinking: /workspace/practica_2/ros2_ws/install/turtlebot3_description/share/turtlebot3_description/environment/path.dsv
[1.304s] -- Symlinking: /workspace/practica_2/ros2_ws/install/turtlebot3_description/share/turtlebot3_description/local_setup.bash
[1.312s] -- Symlinking: /workspace/practica_2/ros2_ws/install/turtlebot3_description/share/turtlebot3_description/local_setup.sh
[1.319s] -- Symlinking: /workspace/practica_2/ros2_ws/install/turtlebot3_description/share/turtlebot3_description/local_setup.zsh
[1.327s] -- Symlinking: /workspace/practica_2/ros2_ws/install/turtlebot3_description/share/turtlebot3_description/local_setup.dsv
[1.334s] -- Symlinking: /workspace/practica_2/ros2_ws/install/turtlebot3_description/share/turtlebot3_description/package.dsv
[1.342s] -- Symlinking: /workspace/practica_2/ros2_ws/install/turtlebot3_description/share/ament_index/resource_index/packages/turtlebot3_description
[1.349s] -- Symlinking: /workspace/practica_2/ros2_ws/install/turtlebot3_description/share/turtlebot3_description/cmake/turtlebot3_descriptionConfig.cmake
[1.356s] -- Symlinking: /workspace/practica_2/ros2_ws/install/turtlebot3_description/share/turtlebot3_description/cmake/turtlebot3_descriptionConfig-version.cmake
[1.364s] -- Symlinking: /workspace/practica_2/ros2_ws/install/turtlebot3_description/share/turtlebot3_description/package.xml
[1.373s] Invoked command in '/workspace/practica_2/ros2_ws/build/turtlebot3_description' returned '0': CMAKE_PREFIX_PATH=/opt/ros/humble /usr/bin/cmake --install /workspace/practica_2/ros2_ws/build/turtlebot3_description
