[0.021s] Invoking command in '/workspace/practica_2/ros2_ws/build/turtlebot3': AMENT_PREFIX_PATH=/workspace/practica_2/ros2_ws/install/turtlebot3_bringup:/workspace/practica_2/ros2_ws/install/turtlebot3_node:/workspace/practica_2/ros2_ws/install/turtlebot3_example:/workspace/practica_2/ros2_ws/install/turtlebot3_teleop:/workspace/practica_2/ros2_ws/install/turtlebot3_navigation2:/workspace/practica_2/ros2_ws/install/turtlebot3_msgs:/workspace/practica_2/ros2_ws/install/turtlebot3_description:/workspace/practica_2/ros2_ws/install/turtlebot3_cartographer:${AMENT_PREFIX_PATH} CMAKE_PREFIX_PATH=/workspace/practica_2/ros2_ws/install/turtlebot3_bringup:/workspace/practica_2/ros2_ws/install/turtlebot3_node:/workspace/practica_2/ros2_ws/install/turtlebot3_navigation2:/workspace/practica_2/ros2_ws/install/turtlebot3_msgs:/workspace/practica_2/ros2_ws/install/turtlebot3_description:/workspace/practica_2/ros2_ws/install/turtlebot3_cartographer:/opt/ros/humble LD_LIBRARY_PATH=/workspace/practica_2/ros2_ws/install/turtlebot3_msgs/lib:${LD_LIBRARY_PATH} PYTHONPATH=/workspace/practica_2/ros2_ws/build/turtlebot3_example:/workspace/practica_2/ros2_ws/install/turtlebot3_example/lib/python3.10/site-packages:/workspace/practica_2/ros2_ws/build/turtlebot3_teleop:/workspace/practica_2/ros2_ws/install/turtlebot3_teleop/lib/python3.10/site-packages:/workspace/practica_2/ros2_ws/install/turtlebot3_msgs/local/lib/python3.10/dist-packages:${PYTHONPATH} /usr/bin/cmake /workspace/practica_2/ros2_ws/src/turtlebot3/turtlebot3 -DAMENT_CMAKE_SYMLINK_INSTALL=1 -DCMAKE_INSTALL_PREFIX=/workspace/practica_2/ros2_ws/install/turtlebot3
[0.069s] -- The C compiler identification is GNU 11.4.0
[0.118s] -- The CXX compiler identification is GNU 11.4.0
[0.125s] -- Detecting C compiler ABI info
[0.186s] -- Detecting C compiler ABI info - done
[0.192s] -- Check for working C compiler: /usr/bin/cc - skipped
[0.192s] -- Detecting C compile features
[0.193s] -- Detecting C compile features - done
[0.196s] -- Detecting CXX compiler ABI info
[0.267s] -- Detecting CXX compiler ABI info - done
[0.273s] -- Check for working CXX compiler: /usr/bin/c++ - skipped
[0.273s] -- Detecting CXX compile features
[0.273s] -- Detecting CXX compile features - done
[0.276s] -- Found ament_cmake: 1.3.14 (/opt/ros/humble/share/ament_cmake/cmake)
[0.421s] -- Found Python3: /usr/bin/python3 (found version "3.10.12") found components: Interpreter 
[0.481s] -- Override CMake install command with custom implementation using symlinks instead of copying resources
[0.575s] -- Configuring done
[0.580s] -- Generating done
[0.582s] -- Build files have been written to: /workspace/practica_2/ros2_ws/build/turtlebot3
[0.586s] Invoked command in '/workspace/practica_2/ros2_ws/build/turtlebot3' returned '0': AMENT_PREFIX_PATH=/workspace/practica_2/ros2_ws/install/turtlebot3_bringup:/workspace/practica_2/ros2_ws/install/turtlebot3_node:/workspace/practica_2/ros2_ws/install/turtlebot3_example:/workspace/practica_2/ros2_ws/install/turtlebot3_teleop:/workspace/practica_2/ros2_ws/install/turtlebot3_navigation2:/workspace/practica_2/ros2_ws/install/turtlebot3_msgs:/workspace/practica_2/ros2_ws/install/turtlebot3_description:/workspace/practica_2/ros2_ws/install/turtlebot3_cartographer:${AMENT_PREFIX_PATH} CMAKE_PREFIX_PATH=/workspace/practica_2/ros2_ws/install/turtlebot3_bringup:/workspace/practica_2/ros2_ws/install/turtlebot3_node:/workspace/practica_2/ros2_ws/install/turtlebot3_navigation2:/workspace/practica_2/ros2_ws/install/turtlebot3_msgs:/workspace/practica_2/ros2_ws/install/turtlebot3_description:/workspace/practica_2/ros2_ws/install/turtlebot3_cartographer:/opt/ros/humble LD_LIBRARY_PATH=/workspace/practica_2/ros2_ws/install/turtlebot3_msgs/lib:${LD_LIBRARY_PATH} PYTHONPATH=/workspace/practica_2/ros2_ws/build/turtlebot3_example:/workspace/practica_2/ros2_ws/install/turtlebot3_example/lib/python3.10/site-packages:/workspace/practica_2/ros2_ws/build/turtlebot3_teleop:/workspace/practica_2/ros2_ws/install/turtlebot3_teleop/lib/python3.10/site-packages:/workspace/practica_2/ros2_ws/install/turtlebot3_msgs/local/lib/python3.10/dist-packages:${PYTHONPATH} /usr/bin/cmake /workspace/practica_2/ros2_ws/src/turtlebot3/turtlebot3 -DAMENT_CMAKE_SYMLINK_INSTALL=1 -DCMAKE_INSTALL_PREFIX=/workspace/practica_2/ros2_ws/install/turtlebot3
[0.588s] Invoking command in '/workspace/practica_2/ros2_ws/build/turtlebot3': AMENT_PREFIX_PATH=/workspace/practica_2/ros2_ws/install/turtlebot3_bringup:/workspace/practica_2/ros2_ws/install/turtlebot3_node:/workspace/practica_2/ros2_ws/install/turtlebot3_example:/workspace/practica_2/ros2_ws/install/turtlebot3_teleop:/workspace/practica_2/ros2_ws/install/turtlebot3_navigation2:/workspace/practica_2/ros2_ws/install/turtlebot3_msgs:/workspace/practica_2/ros2_ws/install/turtlebot3_description:/workspace/practica_2/ros2_ws/install/turtlebot3_cartographer:${AMENT_PREFIX_PATH} CMAKE_PREFIX_PATH=/workspace/practica_2/ros2_ws/install/turtlebot3_bringup:/workspace/practica_2/ros2_ws/install/turtlebot3_node:/workspace/practica_2/ros2_ws/install/turtlebot3_navigation2:/workspace/practica_2/ros2_ws/install/turtlebot3_msgs:/workspace/practica_2/ros2_ws/install/turtlebot3_description:/workspace/practica_2/ros2_ws/install/turtlebot3_cartographer:/opt/ros/humble LD_LIBRARY_PATH=/workspace/practica_2/ros2_ws/install/turtlebot3_msgs/lib:${LD_LIBRARY_PATH} PYTHONPATH=/workspace/practica_2/ros2_ws/build/turtlebot3_example:/workspace/practica_2/ros2_ws/install/turtlebot3_example/lib/python3.10/site-packages:/workspace/practica_2/ros2_ws/build/turtlebot3_teleop:/workspace/practica_2/ros2_ws/install/turtlebot3_teleop/lib/python3.10/site-packages:/workspace/practica_2/ros2_ws/install/turtlebot3_msgs/local/lib/python3.10/dist-packages:${PYTHONPATH} /usr/bin/cmake --build /workspace/practica_2/ros2_ws/build/turtlebot3 -- -j16 -l16
[0.625s] Invoked command in '/workspace/practica_2/ros2_ws/build/turtlebot3' returned '0': AMENT_PREFIX_PATH=/workspace/practica_2/ros2_ws/install/turtlebot3_bringup:/workspace/practica_2/ros2_ws/install/turtlebot3_node:/workspace/practica_2/ros2_ws/install/turtlebot3_example:/workspace/practica_2/ros2_ws/install/turtlebot3_teleop:/workspace/practica_2/ros2_ws/install/turtlebot3_navigation2:/workspace/practica_2/ros2_ws/install/turtlebot3_msgs:/workspace/practica_2/ros2_ws/install/turtlebot3_description:/workspace/practica_2/ros2_ws/install/turtlebot3_cartographer:${AMENT_PREFIX_PATH} CMAKE_PREFIX_PATH=/workspace/practica_2/ros2_ws/install/turtlebot3_bringup:/workspace/practica_2/ros2_ws/install/turtlebot3_node:/workspace/practica_2/ros2_ws/install/turtlebot3_navigation2:/workspace/practica_2/ros2_ws/install/turtlebot3_msgs:/workspace/practica_2/ros2_ws/install/turtlebot3_description:/workspace/practica_2/ros2_ws/install/turtlebot3_cartographer:/opt/ros/humble LD_LIBRARY_PATH=/workspace/practica_2/ros2_ws/install/turtlebot3_msgs/lib:${LD_LIBRARY_PATH} PYTHONPATH=/workspace/practica_2/ros2_ws/build/turtlebot3_example:/workspace/practica_2/ros2_ws/install/turtlebot3_example/lib/python3.10/site-packages:/workspace/practica_2/ros2_ws/build/turtlebot3_teleop:/workspace/practica_2/ros2_ws/install/turtlebot3_teleop/lib/python3.10/site-packages:/workspace/practica_2/ros2_ws/install/turtlebot3_msgs/local/lib/python3.10/dist-packages:${PYTHONPATH} /usr/bin/cmake --build /workspace/practica_2/ros2_ws/build/turtlebot3 -- -j16 -l16
[0.626s] Invoking command in '/workspace/practica_2/ros2_ws/build/turtlebot3': AMENT_PREFIX_PATH=/workspace/practica_2/ros2_ws/install/turtlebot3_bringup:/workspace/practica_2/ros2_ws/install/turtlebot3_node:/workspace/practica_2/ros2_ws/install/turtlebot3_example:/workspace/practica_2/ros2_ws/install/turtlebot3_teleop:/workspace/practica_2/ros2_ws/install/turtlebot3_navigation2:/workspace/practica_2/ros2_ws/install/turtlebot3_msgs:/workspace/practica_2/ros2_ws/install/turtlebot3_description:/workspace/practica_2/ros2_ws/install/turtlebot3_cartographer:${AMENT_PREFIX_PATH} CMAKE_PREFIX_PATH=/workspace/practica_2/ros2_ws/install/turtlebot3_bringup:/workspace/practica_2/ros2_ws/install/turtlebot3_node:/workspace/practica_2/ros2_ws/install/turtlebot3_navigation2:/workspace/practica_2/ros2_ws/install/turtlebot3_msgs:/workspace/practica_2/ros2_ws/install/turtlebot3_description:/workspace/practica_2/ros2_ws/install/turtlebot3_cartographer:/opt/ros/humble LD_LIBRARY_PATH=/workspace/practica_2/ros2_ws/install/turtlebot3_msgs/lib:${LD_LIBRARY_PATH} PYTHONPATH=/workspace/practica_2/ros2_ws/build/turtlebot3_example:/workspace/practica_2/ros2_ws/install/turtlebot3_example/lib/python3.10/site-packages:/workspace/practica_2/ros2_ws/build/turtlebot3_teleop:/workspace/practica_2/ros2_ws/install/turtlebot3_teleop/lib/python3.10/site-packages:/workspace/practica_2/ros2_ws/install/turtlebot3_msgs/local/lib/python3.10/dist-packages:${PYTHONPATH} /usr/bin/cmake --install /workspace/practica_2/ros2_ws/build/turtlebot3
[0.633s] -- Install configuration: ""
[0.633s] -- Execute custom install script
[0.634s] -- Symlinking: /workspace/practica_2/ros2_ws/install/turtlebot3/share/ament_index/resource_index/package_run_dependencies/turtlebot3
[0.644s] -- Symlinking: /workspace/practica_2/ros2_ws/install/turtlebot3/share/ament_index/resource_index/parent_prefix_path/turtlebot3
[0.652s] -- Symlinking: /workspace/practica_2/ros2_ws/install/turtlebot3/share/turtlebot3/environment/ament_prefix_path.sh
[0.661s] -- Symlinking: /workspace/practica_2/ros2_ws/install/turtlebot3/share/turtlebot3/environment/ament_prefix_path.dsv
[0.670s] -- Symlinking: /workspace/practica_2/ros2_ws/install/turtlebot3/share/turtlebot3/environment/path.sh
[0.677s] -- Symlinking: /workspace/practica_2/ros2_ws/install/turtlebot3/share/turtlebot3/environment/path.dsv
[0.685s] -- Symlinking: /workspace/practica_2/ros2_ws/install/turtlebot3/share/turtlebot3/local_setup.bash
[0.693s] -- Symlinking: /workspace/practica_2/ros2_ws/install/turtlebot3/share/turtlebot3/local_setup.sh
[0.700s] -- Symlinking: /workspace/practica_2/ros2_ws/install/turtlebot3/share/turtlebot3/local_setup.zsh
[0.708s] -- Symlinking: /workspace/practica_2/ros2_ws/install/turtlebot3/share/turtlebot3/local_setup.dsv
[0.716s] -- Symlinking: /workspace/practica_2/ros2_ws/install/turtlebot3/share/turtlebot3/package.dsv
[0.725s] -- Symlinking: /workspace/practica_2/ros2_ws/install/turtlebot3/share/ament_index/resource_index/packages/turtlebot3
[0.733s] -- Symlinking: /workspace/practica_2/ros2_ws/install/turtlebot3/share/turtlebot3/cmake/turtlebot3Config.cmake
[0.740s] -- Symlinking: /workspace/practica_2/ros2_ws/install/turtlebot3/share/turtlebot3/cmake/turtlebot3Config-version.cmake
[0.748s] -- Symlinking: /workspace/practica_2/ros2_ws/install/turtlebot3/share/turtlebot3/package.xml
[0.758s] Invoked command in '/workspace/practica_2/ros2_ws/build/turtlebot3' returned '0': AMENT_PREFIX_PATH=/workspace/practica_2/ros2_ws/install/turtlebot3_bringup:/workspace/practica_2/ros2_ws/install/turtlebot3_node:/workspace/practica_2/ros2_ws/install/turtlebot3_example:/workspace/practica_2/ros2_ws/install/turtlebot3_teleop:/workspace/practica_2/ros2_ws/install/turtlebot3_navigation2:/workspace/practica_2/ros2_ws/install/turtlebot3_msgs:/workspace/practica_2/ros2_ws/install/turtlebot3_description:/workspace/practica_2/ros2_ws/install/turtlebot3_cartographer:${AMENT_PREFIX_PATH} CMAKE_PREFIX_PATH=/workspace/practica_2/ros2_ws/install/turtlebot3_bringup:/workspace/practica_2/ros2_ws/install/turtlebot3_node:/workspace/practica_2/ros2_ws/install/turtlebot3_navigation2:/workspace/practica_2/ros2_ws/install/turtlebot3_msgs:/workspace/practica_2/ros2_ws/install/turtlebot3_description:/workspace/practica_2/ros2_ws/install/turtlebot3_cartographer:/opt/ros/humble LD_LIBRARY_PATH=/workspace/practica_2/ros2_ws/install/turtlebot3_msgs/lib:${LD_LIBRARY_PATH} PYTHONPATH=/workspace/practica_2/ros2_ws/build/turtlebot3_example:/workspace/practica_2/ros2_ws/install/turtlebot3_example/lib/python3.10/site-packages:/workspace/practica_2/ros2_ws/build/turtlebot3_teleop:/workspace/practica_2/ros2_ws/install/turtlebot3_teleop/lib/python3.10/site-packages:/workspace/practica_2/ros2_ws/install/turtlebot3_msgs/local/lib/python3.10/dist-packages:${PYTHONPATH} /usr/bin/cmake --install /workspace/practica_2/ros2_ws/build/turtlebot3
