[0.026s] Invoking command in '/workspace/practica_2/ros2_ws/build/turtlebot3_node': AMENT_PREFIX_PATH=/workspace/practica_2/ros2_ws/install/turtlebot3_msgs:${AMENT_PREFIX_PATH} CMAKE_PREFIX_PATH=/workspace/practica_2/ros2_ws/install/turtlebot3_msgs:/opt/ros/humble LD_LIBRARY_PATH=/workspace/practica_2/ros2_ws/install/turtlebot3_msgs/lib:${LD_LIBRARY_PATH} PYTHONPATH=/workspace/practica_2/ros2_ws/install/turtlebot3_msgs/local/lib/python3.10/dist-packages:${PYTHONPATH} /usr/bin/cmake /workspace/practica_2/ros2_ws/src/turtlebot3/turtlebot3_node -DAMENT_CMAKE_SYMLINK_INSTALL=1 -DCMAKE_INSTALL_PREFIX=/workspace/practica_2/ros2_ws/install/turtlebot3_node
[0.333s] -- The C compiler identification is GNU 11.4.0
[0.333s] -- The CXX compiler identification is GNU 11.4.0
[0.334s] -- Detecting C compiler ABI info
[0.334s] -- Detecting C compiler ABI info - done
[0.334s] -- Check for working C compiler: /usr/bin/cc - skipped
[0.334s] -- Detecting C compile features
[0.334s] -- Detecting C compile features - done
[0.335s] -- Detecting CXX compiler ABI info
[0.354s] -- Detecting CXX compiler ABI info - done
[0.362s] -- Check for working CXX compiler: /usr/bin/c++ - skipped
[0.362s] -- Detecting CXX compile features
[0.363s] -- Detecting CXX compile features - done
[0.367s] -- Found ament_cmake: 1.3.14 (/opt/ros/humble/share/ament_cmake/cmake)
[0.547s] -- Found Python3: /usr/bin/python3 (found version "3.10.12") found components: Interpreter 
[0.634s] -- Override CMake install command with custom implementation using symlinks instead of copying resources
[0.713s] [31mCMake Error at CMakeLists.txt:20 (find_package):
[0.713s]   By not providing "Finddynamixel_sdk.cmake" in CMAKE_MODULE_PATH this
[0.713s]   project has asked CMake to find a package configuration file provided by
[0.713s]   "dynamixel_sdk", but CMake did not find one.
[0.713s] 
[0.713s]   Could not find a package configuration file provided by "dynamixel_sdk"
[0.713s]   with any of the following names:
[0.714s] 
[0.714s]     dynamixel_sdkConfig.cmake
[0.714s]     dynamixel_sdk-config.cmake
[0.714s] 
[0.714s]   Add the installation prefix of "dynamixel_sdk" to CMAKE_PREFIX_PATH or set
[0.714s]   "dynamixel_sdk_DIR" to a directory containing one of the above files.  If
[0.714s]   "dynamixel_sdk" provides a separate development package or SDK, be sure it
[0.714s]   has been installed.
[0.714s] 
[0.714s] [0m
[0.714s] -- Configuring incomplete, errors occurred!
[0.715s] See also "/workspace/practica_2/ros2_ws/build/turtlebot3_node/CMakeFiles/CMakeOutput.log".
[0.720s] Invoked command in '/workspace/practica_2/ros2_ws/build/turtlebot3_node' returned '1': AMENT_PREFIX_PATH=/workspace/practica_2/ros2_ws/install/turtlebot3_msgs:${AMENT_PREFIX_PATH} CMAKE_PREFIX_PATH=/workspace/practica_2/ros2_ws/install/turtlebot3_msgs:/opt/ros/humble LD_LIBRARY_PATH=/workspace/practica_2/ros2_ws/install/turtlebot3_msgs/lib:${LD_LIBRARY_PATH} PYTHONPATH=/workspace/practica_2/ros2_ws/install/turtlebot3_msgs/local/lib/python3.10/dist-packages:${PYTHONPATH} /usr/bin/cmake /workspace/practica_2/ros2_ws/src/turtlebot3/turtlebot3_node -DAMENT_CMAKE_SYMLINK_INSTALL=1 -DCMAKE_INSTALL_PREFIX=/workspace/practica_2/ros2_ws/install/turtlebot3_node
