[0.032s] Invoking command in '/workspace/practica_2/ros2_ws/build/turtlebot3_cartographer': CMAKE_PREFIX_PATH=/opt/ros/humble /usr/bin/cmake --build /workspace/practica_2/ros2_ws/build/turtlebot3_cartographer -- -j16 -l16
[0.318s] Invoked command in '/workspace/practica_2/ros2_ws/build/turtlebot3_cartographer' returned '0': CMAKE_PREFIX_PATH=/opt/ros/humble /usr/bin/cmake --build /workspace/practica_2/ros2_ws/build/turtlebot3_cartographer -- -j16 -l16
[0.319s] Invoking command in '/workspace/practica_2/ros2_ws/build/turtlebot3_cartographer': CMAKE_PREFIX_PATH=/opt/ros/humble /usr/bin/cmake --install /workspace/practica_2/ros2_ws/build/turtlebot3_cartographer
[0.335s] -- Install configuration: ""
[0.336s] -- Execute custom install script
[0.336s] -- Up-to-date symlink: /workspace/practica_2/ros2_ws/install/turtlebot3_cartographer/share/turtlebot3_cartographer/config/turtlebot3_lds_2d.lua
[0.337s] -- Up-to-date symlink: /workspace/practica_2/ros2_ws/install/turtlebot3_cartographer/share/turtlebot3_cartographer/launch/cartographer.launch.py
[0.337s] -- Up-to-date symlink: /workspace/practica_2/ros2_ws/install/turtlebot3_cartographer/share/turtlebot3_cartographer/launch/occupancy_grid.launch.py
[0.337s] -- Up-to-date symlink: /workspace/practica_2/ros2_ws/install/turtlebot3_cartographer/share/turtlebot3_cartographer/rviz/tb3_cartographer.rviz
[0.337s] -- Up-to-date symlink: /workspace/practica_2/ros2_ws/install/turtlebot3_cartographer/share/ament_index/resource_index/package_run_dependencies/turtlebot3_cartographer
[0.338s] -- Up-to-date symlink: /workspace/practica_2/ros2_ws/install/turtlebot3_cartographer/share/ament_index/resource_index/parent_prefix_path/turtlebot3_cartographer
[0.338s] -- Up-to-date symlink: /workspace/practica_2/ros2_ws/install/turtlebot3_cartographer/share/turtlebot3_cartographer/environment/ament_prefix_path.sh
[0.338s] -- Up-to-date symlink: /workspace/practica_2/ros2_ws/install/turtlebot3_cartographer/share/turtlebot3_cartographer/environment/ament_prefix_path.dsv
[0.338s] -- Up-to-date symlink: /workspace/practica_2/ros2_ws/install/turtlebot3_cartographer/share/turtlebot3_cartographer/environment/path.sh
[0.342s] -- Up-to-date symlink: /workspace/practica_2/ros2_ws/install/turtlebot3_cartographer/share/turtlebot3_cartographer/environment/path.dsv
[0.342s] -- Up-to-date symlink: /workspace/practica_2/ros2_ws/install/turtlebot3_cartographer/share/turtlebot3_cartographer/local_setup.bash
[0.343s] -- Up-to-date symlink: /workspace/practica_2/ros2_ws/install/turtlebot3_cartographer/share/turtlebot3_cartographer/local_setup.sh
[0.343s] -- Up-to-date symlink: /workspace/practica_2/ros2_ws/install/turtlebot3_cartographer/share/turtlebot3_cartographer/local_setup.zsh
[0.344s] -- Up-to-date symlink: /workspace/practica_2/ros2_ws/install/turtlebot3_cartographer/share/turtlebot3_cartographer/local_setup.dsv
[0.344s] -- Symlinking: /workspace/practica_2/ros2_ws/install/turtlebot3_cartographer/share/turtlebot3_cartographer/package.dsv
[0.358s] -- Up-to-date symlink: /workspace/practica_2/ros2_ws/install/turtlebot3_cartographer/share/ament_index/resource_index/packages/turtlebot3_cartographer
[0.358s] -- Up-to-date symlink: /workspace/practica_2/ros2_ws/install/turtlebot3_cartographer/share/turtlebot3_cartographer/cmake/turtlebot3_cartographerConfig.cmake
[0.358s] -- Up-to-date symlink: /workspace/practica_2/ros2_ws/install/turtlebot3_cartographer/share/turtlebot3_cartographer/cmake/turtlebot3_cartographerConfig-version.cmake
[0.358s] -- Up-to-date symlink: /workspace/practica_2/ros2_ws/install/turtlebot3_cartographer/share/turtlebot3_cartographer/package.xml
[0.364s] Invoked command in '/workspace/practica_2/ros2_ws/build/turtlebot3_cartographer' returned '0': CMAKE_PREFIX_PATH=/opt/ros/humble /usr/bin/cmake --install /workspace/practica_2/ros2_ws/build/turtlebot3_cartographer
